2025-12-15 01:57:20,143 [WARNING]  * Debugger is active!
2025-12-15 01:57:20,150 [INFO]  * Debugger PIN: 298-487-376
2025-12-15 01:57:25,893 [INFO] 127.0.0.1 - - [15/Dec/2025 01:57:25] "GET /api/bookings HTTP/1.1" 200 -
2025-12-15 01:57:35,545 [INFO] 127.0.0.1 - - [15/Dec/2025 01:57:35] "GET /api/bookings HTTP/1.1" 200 -
2025-12-15 01:58:12,427 [INFO] 127.0.0.1 - - [15/Dec/2025 01:58:12] "GET /api/bookings HTTP/1.1" 200 -
2025-12-15 01:59:06,212 [INFO] [31m[1mWARNING: This is a development server. Do not use it in a production deployment. Use a production WSGI server instead.[0m
 * Running on all addresses (0.0.0.0)
 * Running on http://127.0.0.1:5003
 * Running on http://192.168.0.2:5003
2025-12-15 01:59:06,212 [INFO] [33mPress CTRL+C to quit[0m
2025-12-15 01:59:06,214 [INFO]  * Restarting with stat
2025-12-15 01:59:06,787 [WARNING]  * Debugger is active!
2025-12-15 01:59:06,792 [INFO]  * Debugger PIN: 298-487-376
2025-12-15 01:59:11,571 [INFO] 127.0.0.1 - - [15/Dec/2025 01:59:11] "GET /api/bookings HTTP/1.1" 200 -
2025-12-15 01:59:24,395 [INFO] 127.0.0.1 - - [15/Dec/2025 01:59:24] "GET /health HTTP/1.1" 200 -
2025-12-15 01:59:32,469 [INFO] 127.0.0.1 - - [15/Dec/2025 01:59:32] "GET /health HTTP/1.1" 200 -
2025-12-15 02:00:12,165 [INFO] 127.0.0.1 - - [15/Dec/2025 02:00:12] "GET /api/bookings HTTP/1.1" 200 -
2025-12-15 02:00:13,972 [INFO] Checking slots for SC001 from 2025-12-15 00:00:00 to 2025-12-22 00:00:00. Ops: 8:0-20:0
2025-12-15 02:00:13,972 [INFO] Slot 2025-12-15 08:00:00 full. 15/15
2025-12-15 02:00:13,972 [INFO] Slot 2025-12-15 09:00:00 full. 15/15
2025-12-15 02:00:13,972 [INFO] Slot 2025-12-15 10:00:00 full. 15/15
2025-12-15 02:00:13,977 [ERROR] Error scheduling vehicle V001: 'NoneType' object has no attribute 'isoformat'
2025-12-15 02:00:13,982 [INFO] Checking slots for SC001 from 2025-12-15 00:00:00 to 2025-12-22 00:00:00. Ops: 8:0-20:0
2025-12-15 02:00:13,983 [INFO] Slot 2025-12-15 08:00:00 full. 15/15
2025-12-15 02:00:13,983 [INFO] Slot 2025-12-15 09:00:00 full. 15/15
2025-12-15 02:00:13,983 [INFO] Slot 2025-12-15 10:00:00 full. 15/15
2025-12-15 02:00:13,986 [ERROR] Error scheduling vehicle V002: 'NoneType' object has no attribute 'isoformat'
2025-12-15 02:00:13,989 [INFO] Checking slots for SC001 from 2025-12-15 00:00:00 to 2025-12-22 00:00:00. Ops: 8:0-20:0
2025-12-15 02:00:13,989 [INFO] Slot 2025-12-15 08:00:00 full. 15/15
2025-12-15 02:00:13,989 [INFO] Slot 2025-12-15 09:00:00 full. 15/15
2025-12-15 02:00:13,990 [INFO] Slot 2025-12-15 10:00:00 full. 15/15
2025-12-15 02:00:13,990 [INFO] Slot 2025-12-15 11:00:00 full. 15/15
2025-12-15 02:00:13,993 [ERROR] Error scheduling vehicle V003: 'NoneType' object has no attribute 'isoformat'
2025-12-15 02:00:13,996 [INFO] Checking slots for SC001 from 2025-12-15 00:00:00 to 2025-12-22 00:00:00. Ops: 8:0-20:0
2025-12-15 02:00:13,996 [INFO] Slot 2025-12-15 08:00:00 full. 15/15
2025-12-15 02:00:13,996 [INFO] Slot 2025-12-15 09:00:00 full. 15/15
2025-12-15 02:00:13,996 [INFO] Slot 2025-12-15 10:00:00 full. 15/15
2025-12-15 02:00:13,997 [INFO] Slot 2025-12-15 11:00:00 full. 15/15
2025-12-15 02:00:13,999 [ERROR] Error scheduling vehicle V004: 'NoneType' object has no attribute 'isoformat'
2025-12-15 02:00:14,002 [INFO] Checking slots for SC001 from 2025-12-15 00:00:00 to 2025-12-22 00:00:00. Ops: 8:0-20:0
2025-12-15 02:00:14,003 [INFO] Slot 2025-12-15 08:00:00 full. 15/15
2025-12-15 02:00:14,003 [INFO] Slot 2025-12-15 09:00:00 full. 15/15
2025-12-15 02:00:14,003 [INFO] Slot 2025-12-15 10:00:00 full. 15/15
2025-12-15 02:00:14,003 [INFO] Slot 2025-12-15 11:00:00 full. 15/15
2025-12-15 02:00:14,006 [ERROR] Error scheduling vehicle V005: 'NoneType' object has no attribute 'isoformat'
2025-12-15 02:00:14,009 [INFO] Checking slots for SC001 from 2025-12-15 00:00:00 to 2025-12-22 00:00:00. Ops: 8:0-20:0
2025-12-15 02:00:14,009 [INFO] Slot 2025-12-15 08:00:00 full. 15/15
2025-12-15 02:00:14,009 [INFO] Slot 2025-12-15 09:00:00 full. 15/15
2025-12-15 02:00:14,009 [INFO] Slot 2025-12-15 10:00:00 full. 15/15
2025-12-15 02:00:14,009 [INFO] Slot 2025-12-15 11:00:00 full. 15/15
2025-12-15 02:00:14,013 [ERROR] Error scheduling vehicle V006: 'NoneType' object has no attribute 'isoformat'
2025-12-15 02:00:14,016 [INFO] Checking slots for SC001 from 2025-12-15 00:00:00 to 2025-12-22 00:00:00. Ops: 8:0-20:0
2025-12-15 02:00:14,016 [INFO] Slot 2025-12-15 08:00:00 full. 15/15
2025-12-15 02:00:14,016 [INFO] Slot 2025-12-15 09:00:00 full. 15/15
2025-12-15 02:00:14,017 [INFO] Slot 2025-12-15 10:00:00 full. 15/15
2025-12-15 02:00:14,017 [INFO] Slot 2025-12-15 11:00:00 full. 15/15
2025-12-15 02:00:14,020 [ERROR] Error scheduling vehicle V007: 'NoneType' object has no attribute 'isoformat'
2025-12-15 02:00:14,023 [INFO] Checking slots for SC001 from 2025-12-15 00:00:00 to 2025-12-22 00:00:00. Ops: 8:0-20:0
2025-12-15 02:00:14,023 [INFO] Slot 2025-12-15 08:00:00 full. 15/15
2025-12-15 02:00:14,023 [INFO] Slot 2025-12-15 09:00:00 full. 15/15
2025-12-15 02:00:14,023 [INFO] Slot 2025-12-15 10:00:00 full. 15/15
2025-12-15 02:00:14,023 [INFO] Slot 2025-12-15 11:00:00 full. 15/15
2025-12-15 02:00:14,027 [ERROR] Error scheduling vehicle V008: 'NoneType' object has no attribute 'isoformat'
2025-12-15 02:00:14,029 [INFO] Checking slots for SC001 from 2025-12-15 00:00:00 to 2025-12-22 00:00:00. Ops: 8:0-20:0
2025-12-15 02:00:14,029 [INFO] Slot 2025-12-15 08:00:00 full. 15/15
2025-12-15 02:00:14,029 [INFO] Slot 2025-12-15 09:00:00 full. 15/15
2025-12-15 02:00:14,029 [INFO] Slot 2025-12-15 10:00:00 full. 15/15
2025-12-15 02:00:14,030 [INFO] Slot 2025-12-15 11:00:00 full. 15/15
2025-12-15 02:00:14,033 [ERROR] Error scheduling vehicle V009: 'NoneType' object has no attribute 'isoformat'
2025-12-15 02:00:14,035 [INFO] Checking slots for SC001 from 2025-12-15 00:00:00 to 2025-12-22 00:00:00. Ops: 8:0-20:0
2025-12-15 02:00:14,035 [INFO] Slot 2025-12-15 08:00:00 full. 15/15
2025-12-15 02:00:14,036 [INFO] Slot 2025-12-15 09:00:00 full. 15/15
2025-12-15 02:00:14,036 [INFO] Slot 2025-12-15 10:00:00 full. 15/15
2025-12-15 02:00:14,036 [INFO] Slot 2025-12-15 11:00:00 full. 15/15
2025-12-15 02:00:14,039 [ERROR] Error scheduling vehicle V010: 'NoneType' object has no attribute 'isoformat'
2025-12-15 02:00:14,041 [INFO] Checking slots for SC001 from 2025-12-15 00:00:00 to 2025-12-22 00:00:00. Ops: 8:0-20:0
2025-12-15 02:00:14,041 [INFO] Slot 2025-12-15 08:00:00 full. 15/15
2025-12-15 02:00:14,041 [INFO] Slot 2025-12-15 09:00:00 full. 15/15
2025-12-15 02:00:14,041 [INFO] Slot 2025-12-15 10:00:00 full. 15/15
2025-12-15 02:00:14,041 [INFO] Slot 2025-12-15 11:00:00 full. 15/15
2025-12-15 02:00:14,046 [ERROR] Error scheduling vehicle V011: 'NoneType' object has no attribute 'isoformat'
2025-12-15 02:00:14,048 [INFO] Checking slots for SC001 from 2025-12-15 00:00:00 to 2025-12-22 00:00:00. Ops: 8:0-20:0
2025-12-15 02:00:14,048 [INFO] Slot 2025-12-15 08:00:00 full. 15/15
2025-12-15 02:00:14,049 [INFO] Slot 2025-12-15 09:00:00 full. 15/15
2025-12-15 02:00:14,049 [INFO] Slot 2025-12-15 10:00:00 full. 15/15
2025-12-15 02:00:14,049 [INFO] Slot 2025-12-15 11:00:00 full. 15/15
2025-12-15 02:00:14,053 [ERROR] Error scheduling vehicle V012: 'NoneType' object has no attribute 'isoformat'
2025-12-15 02:00:14,055 [INFO] Checking slots for SC001 from 2025-12-15 00:00:00 to 2025-12-22 00:00:00. Ops: 8:0-20:0
2025-12-15 02:00:14,055 [INFO] Slot 2025-12-15 08:00:00 full. 15/15
2025-12-15 02:00:14,055 [INFO] Slot 2025-12-15 09:00:00 full. 15/15
2025-12-15 02:00:14,055 [INFO] Slot 2025-12-15 10:00:00 full. 15/15
2025-12-15 02:00:14,055 [INFO] Slot 2025-12-15 11:00:00 full. 15/15
2025-12-15 02:00:14,059 [ERROR] Error scheduling vehicle V013: 'NoneType' object has no attribute 'isoformat'
2025-12-15 02:00:14,061 [INFO] Checking slots for SC001 from 2025-12-15 00:00:00 to 2025-12-22 00:00:00. Ops: 8:0-20:0
2025-12-15 02:00:14,061 [INFO] Slot 2025-12-15 08:00:00 full. 15/15
2025-12-15 02:00:14,062 [INFO] Slot 2025-12-15 09:00:00 full. 15/15
2025-12-15 02:00:14,062 [INFO] Slot 2025-12-15 10:00:00 full. 15/15
2025-12-15 02:00:14,062 [INFO] Slot 2025-12-15 11:00:00 full. 15/15
2025-12-15 02:00:14,066 [ERROR] Error scheduling vehicle V014: 'NoneType' object has no attribute 'isoformat'
2025-12-15 02:00:14,068 [INFO] Checking slots for SC001 from 2025-12-15 00:00:00 to 2025-12-22 00:00:00. Ops: 8:0-20:0
2025-12-15 02:00:14,068 [INFO] Slot 2025-12-15 08:00:00 full. 15/15
2025-12-15 02:00:14,068 [INFO] Slot 2025-12-15 09:00:00 full. 15/15
2025-12-15 02:00:14,068 [INFO] Slot 2025-12-15 10:00:00 full. 15/15
2025-12-15 02:00:14,069 [INFO] Slot 2025-12-15 11:00:00 full. 15/15
2025-12-15 02:00:14,072 [ERROR] Error scheduling vehicle V015: 'NoneType' object has no attribute 'isoformat'
2025-12-15 02:00:14,075 [INFO] Checking slots for SC001 from 2025-12-15 00:00:00 to 2025-12-22 00:00:00. Ops: 8:0-20:0
2025-12-15 02:00:14,075 [INFO] Slot 2025-12-15 08:00:00 full. 15/15
2025-12-15 02:00:14,075 [INFO] Slot 2025-12-15 09:00:00 full. 15/15
2025-12-15 02:00:14,075 [INFO] Slot 2025-12-15 10:00:00 full. 15/15
2025-12-15 02:00:14,076 [INFO] Slot 2025-12-15 11:00:00 full. 15/15
2025-12-15 02:00:14,080 [ERROR] Error scheduling vehicle V001: 'NoneType' object has no attribute 'isoformat'
2025-12-15 02:00:14,082 [INFO] Checking slots for SC001 from 2025-12-15 00:00:00 to 2025-12-22 00:00:00. Ops: 8:0-20:0
2025-12-15 02:00:14,082 [INFO] Slot 2025-12-15 08:00:00 full. 15/15
2025-12-15 02:00:14,082 [INFO] Slot 2025-12-15 09:00:00 full. 15/15
2025-12-15 02:00:14,082 [INFO] Slot 2025-12-15 10:00:00 full. 15/15
2025-12-15 02:00:14,083 [INFO] Slot 2025-12-15 11:00:00 full. 15/15
2025-12-15 02:00:14,086 [ERROR] Error scheduling vehicle V003: 'NoneType' object has no attribute 'isoformat'
2025-12-15 02:00:14,089 [INFO] Checking slots for SC001 from 2025-12-15 00:00:00 to 2025-12-22 00:00:00. Ops: 8:0-20:0
2025-12-15 02:00:14,089 [INFO] Slot 2025-12-15 08:00:00 full. 15/15
2025-12-15 02:00:14,089 [INFO] Slot 2025-12-15 09:00:00 full. 15/15
2025-12-15 02:00:14,089 [INFO] Slot 2025-12-15 10:00:00 full. 15/15
2025-12-15 02:00:14,089 [INFO] Slot 2025-12-15 11:00:00 full. 15/15
2025-12-15 02:00:14,089 [INFO] Slot 2025-12-15 12:00:00 full. 15/15
2025-12-15 02:00:14,093 [ERROR] Error scheduling vehicle V002: 'NoneType' object has no attribute 'isoformat'
2025-12-15 02:00:14,095 [INFO] Checking slots for SC001 from 2025-12-15 00:00:00 to 2025-12-22 00:00:00. Ops: 8:0-20:0
2025-12-15 02:00:14,095 [INFO] Slot 2025-12-15 08:00:00 full. 15/15
2025-12-15 02:00:14,096 [INFO] Slot 2025-12-15 09:00:00 full. 15/15
2025-12-15 02:00:14,096 [INFO] Slot 2025-12-15 10:00:00 full. 15/15
2025-12-15 02:00:14,096 [INFO] Slot 2025-12-15 11:00:00 full. 15/15
2025-12-15 02:00:14,097 [INFO] Slot 2025-12-15 12:00:00 full. 15/15
2025-12-15 02:00:14,100 [ERROR] Error scheduling vehicle V002: 'NoneType' object has no attribute 'isoformat'
2025-12-15 02:00:14,103 [INFO] Checking slots for SC001 from 2025-12-15 00:00:00 to 2025-12-22 00:00:00. Ops: 8:0-20:0
2025-12-15 02:00:14,103 [INFO] Slot 2025-12-15 08:00:00 full. 15/15
2025-12-15 02:00:14,103 [INFO] Slot 2025-12-15 09:00:00 full. 15/15
2025-12-15 02:00:14,103 [INFO] Slot 2025-12-15 10:00:00 full. 15/15
2025-12-15 02:00:14,103 [INFO] Slot 2025-12-15 11:00:00 full. 15/15
2025-12-15 02:00:14,103 [INFO] Slot 2025-12-15 12:00:00 full. 15/15
2025-12-15 02:00:14,107 [ERROR] Error scheduling vehicle V003: 'NoneType' object has no attribute 'isoformat'
2025-12-15 02:00:14,109 [INFO] Checking slots for SC001 from 2025-12-15 00:00:00 to 2025-12-22 00:00:00. Ops: 8:0-20:0
2025-12-15 02:00:14,110 [INFO] Slot 2025-12-15 08:00:00 full. 15/15
2025-12-15 02:00:14,110 [INFO] Slot 2025-12-15 09:00:00 full. 15/15
2025-12-15 02:00:14,110 [INFO] Slot 2025-12-15 10:00:00 full. 15/15
2025-12-15 02:00:14,110 [INFO] Slot 2025-12-15 11:00:00 full. 15/15
2025-12-15 02:00:14,110 [INFO] Slot 2025-12-15 12:00:00 full. 15/15
2025-12-15 02:00:14,113 [ERROR] Error scheduling vehicle V001: 'NoneType' object has no attribute 'isoformat'
2025-12-15 02:00:14,115 [INFO] Checking slots for SC001 from 2025-12-15 00:00:00 to 2025-12-22 00:00:00. Ops: 8:0-20:0
2025-12-15 02:00:14,115 [INFO] Slot 2025-12-15 08:00:00 full. 15/15
2025-12-15 02:00:14,117 [INFO] Slot 2025-12-15 09:00:00 full. 15/15
2025-12-15 02:00:14,117 [INFO] Slot 2025-12-15 10:00:00 full. 15/15
2025-12-15 02:00:14,117 [INFO] Slot 2025-12-15 11:00:00 full. 15/15
2025-12-15 02:00:14,117 [INFO] Slot 2025-12-15 12:00:00 full. 15/15
2025-12-15 02:00:14,120 [ERROR] Error scheduling vehicle V002: 'NoneType' object has no attribute 'isoformat'
2025-12-15 02:00:14,123 [INFO] Checking slots for SC001 from 2025-12-15 00:00:00 to 2025-12-22 00:00:00. Ops: 8:0-20:0
2025-12-15 02:00:14,123 [INFO] Slot 2025-12-15 08:00:00 full. 15/15
2025-12-15 02:00:14,123 [INFO] Slot 2025-12-15 09:00:00 full. 15/15
2025-12-15 02:00:14,124 [INFO] Slot 2025-12-15 10:00:00 full. 15/15
2025-12-15 02:00:14,124 [INFO] Slot 2025-12-15 11:00:00 full. 15/15
2025-12-15 02:00:14,124 [INFO] Slot 2025-12-15 12:00:00 full. 15/15
2025-12-15 02:00:14,128 [ERROR] Error scheduling vehicle V003: 'NoneType' object has no attribute 'isoformat'
2025-12-15 02:00:14,131 [INFO] Checking slots for SC001 from 2025-12-15 00:00:00 to 2025-12-22 00:00:00. Ops: 8:0-20:0
2025-12-15 02:00:14,131 [INFO] Slot 2025-12-15 08:00:00 full. 15/15
2025-12-15 02:00:14,131 [INFO] Slot 2025-12-15 09:00:00 full. 15/15
2025-12-15 02:00:14,131 [INFO] Slot 2025-12-15 10:00:00 full. 15/15
2025-12-15 02:00:14,131 [INFO] Slot 2025-12-15 11:00:00 full. 15/15
2025-12-15 02:00:14,131 [INFO] Slot 2025-12-15 12:00:00 full. 15/15
2025-12-15 02:00:14,135 [ERROR] Error scheduling vehicle V002: 'NoneType' object has no attribute 'isoformat'
2025-12-15 02:00:14,137 [INFO] Checking slots for SC001 from 2025-12-15 00:00:00 to 2025-12-22 00:00:00. Ops: 8:0-20:0
2025-12-15 02:00:14,137 [INFO] Slot 2025-12-15 08:00:00 full. 15/15
2025-12-15 02:00:14,137 [INFO] Slot 2025-12-15 09:00:00 full. 15/15
2025-12-15 02:00:14,138 [INFO] Slot 2025-12-15 10:00:00 full. 15/15
2025-12-15 02:00:14,138 [INFO] Slot 2025-12-15 11:00:00 full. 15/15
2025-12-15 02:00:14,138 [INFO] Slot 2025-12-15 12:00:00 full. 15/15
2025-12-15 02:00:14,141 [ERROR] Error scheduling vehicle V003: 'NoneType' object has no attribute 'isoformat'
2025-12-15 02:00:14,144 [INFO] Checking slots for SC001 from 2025-12-15 00:00:00 to 2025-12-22 00:00:00. Ops: 8:0-20:0
2025-12-15 02:00:14,144 [INFO] Slot 2025-12-15 08:00:00 full. 15/15
2025-12-15 02:00:14,144 [INFO] Slot 2025-12-15 09:00:00 full. 15/15
2025-12-15 02:00:14,145 [INFO] Slot 2025-12-15 10:00:00 full. 15/15
2025-12-15 02:00:14,145 [INFO] Slot 2025-12-15 11:00:00 full. 15/15
2025-12-15 02:00:14,145 [INFO] Slot 2025-12-15 12:00:00 full. 15/15
2025-12-15 02:00:14,150 [ERROR] Error scheduling vehicle V001: 'NoneType' object has no attribute 'isoformat'
2025-12-15 02:00:14,152 [INFO] Checking slots for SC001 from 2025-12-15 00:00:00 to 2025-12-22 00:00:00. Ops: 8:0-20:0
2025-12-15 02:00:14,152 [INFO] Slot 2025-12-15 08:00:00 full. 15/15
2025-12-15 02:00:14,152 [INFO] Slot 2025-12-15 09:00:00 full. 15/15
2025-12-15 02:00:14,152 [INFO] Slot 2025-12-15 10:00:00 full. 15/15
2025-12-15 02:00:14,152 [INFO] Slot 2025-12-15 11:00:00 full. 15/15
2025-12-15 02:00:14,152 [INFO] Slot 2025-12-15 12:00:00 full. 15/15
2025-12-15 02:00:14,156 [ERROR] Error scheduling vehicle V001: 'NoneType' object has no attribute 'isoformat'
2025-12-15 02:00:14,159 [INFO] Checking slots for SC001 from 2025-12-15 00:00:00 to 2025-12-22 00:00:00. Ops: 8:0-20:0
2025-12-15 02:00:14,160 [INFO] Slot 2025-12-15 08:00:00 full. 15/15
2025-12-15 02:00:14,160 [INFO] Slot 2025-12-15 09:00:00 full. 15/15
2025-12-15 02:00:14,160 [INFO] Slot 2025-12-15 10:00:00 full. 15/15
2025-12-15 02:00:14,160 [INFO] Slot 2025-12-15 11:00:00 full. 15/15
2025-12-15 02:00:14,160 [INFO] Slot 2025-12-15 12:00:00 full. 15/15
2025-12-15 02:00:14,165 [ERROR] Error scheduling vehicle V003: 'NoneType' object has no attribute 'isoformat'
2025-12-15 02:00:14,167 [INFO] Checking slots for SC001 from 2025-12-15 00:00:00 to 2025-12-22 00:00:00. Ops: 8:0-20:0
2025-12-15 02:00:14,167 [INFO] Slot 2025-12-15 08:00:00 full. 15/15
2025-12-15 02:00:14,168 [INFO] Slot 2025-12-15 09:00:00 full. 15/15
2025-12-15 02:00:14,168 [INFO] Slot 2025-12-15 10:00:00 full. 15/15
2025-12-15 02:00:14,168 [INFO] Slot 2025-12-15 11:00:00 full. 15/15
2025-12-15 02:00:14,168 [INFO] Slot 2025-12-15 12:00:00 full. 15/15
2025-12-15 02:00:14,173 [ERROR] Error scheduling vehicle V002: 'NoneType' object has no attribute 'isoformat'
2025-12-15 02:00:14,175 [INFO] Checking slots for SC001 from 2025-12-15 00:00:00 to 2025-12-22 00:00:00. Ops: 8:0-20:0
2025-12-15 02:00:14,175 [INFO] Slot 2025-12-15 08:00:00 full. 15/15
2025-12-15 02:00:14,175 [INFO] Slot 2025-12-15 09:00:00 full. 15/15
2025-12-15 02:00:14,175 [INFO] Slot 2025-12-15 10:00:00 full. 15/15
2025-12-15 02:00:14,175 [INFO] Slot 2025-12-15 11:00:00 full. 15/15
2025-12-15 02:00:14,177 [INFO] Slot 2025-12-15 12:00:00 full. 15/15
2025-12-15 02:00:14,181 [ERROR] Error scheduling vehicle V003: 'NoneType' object has no attribute 'isoformat'
2025-12-15 02:00:14,185 [INFO] Checking slots for SC001 from 2025-12-15 00:00:00 to 2025-12-22 00:00:00. Ops: 8:0-20:0
2025-12-15 02:00:14,185 [INFO] Slot 2025-12-15 08:00:00 full. 15/15
2025-12-15 02:00:14,185 [INFO] Slot 2025-12-15 09:00:00 full. 15/15
2025-12-15 02:00:14,185 [INFO] Slot 2025-12-15 10:00:00 full. 15/15
2025-12-15 02:00:14,185 [INFO] Slot 2025-12-15 11:00:00 full. 15/15
2025-12-15 02:00:14,185 [INFO] Slot 2025-12-15 12:00:00 full. 15/15
2025-12-15 02:00:14,189 [ERROR] Error scheduling vehicle V001: 'NoneType' object has no attribute 'isoformat'
2025-12-15 02:00:14,192 [INFO] Checking slots for SC001 from 2025-12-15 00:00:00 to 2025-12-22 00:00:00. Ops: 8:0-20:0
2025-12-15 02:00:14,192 [INFO] Slot 2025-12-15 08:00:00 full. 15/15
2025-12-15 02:00:14,193 [INFO] Slot 2025-12-15 09:00:00 full. 15/15
2025-12-15 02:00:14,193 [INFO] Slot 2025-12-15 10:00:00 full. 15/15
2025-12-15 02:00:14,193 [INFO] Slot 2025-12-15 11:00:00 full. 15/15
2025-12-15 02:00:14,193 [INFO] Slot 2025-12-15 12:00:00 full. 15/15
2025-12-15 02:00:14,198 [ERROR] Error scheduling vehicle V002: 'NoneType' object has no attribute 'isoformat'
2025-12-15 02:00:14,200 [INFO] Checking slots for SC001 from 2025-12-15 00:00:00 to 2025-12-22 00:00:00. Ops: 8:0-20:0
2025-12-15 02:00:14,200 [INFO] Slot 2025-12-15 08:00:00 full. 15/15
2025-12-15 02:00:14,200 [INFO] Slot 2025-12-15 09:00:00 full. 15/15
2025-12-15 02:00:14,201 [INFO] Slot 2025-12-15 10:00:00 full. 15/15
2025-12-15 02:00:14,201 [INFO] Slot 2025-12-15 11:00:00 full. 15/15
2025-12-15 02:00:14,201 [INFO] Slot 2025-12-15 12:00:00 full. 15/15
2025-12-15 02:00:14,201 [INFO] Slot 2025-12-15 13:00:00 full. 15/15
2025-12-15 02:00:14,205 [ERROR] Error scheduling vehicle V002: 'NoneType' object has no attribute 'isoformat'
2025-12-15 02:00:14,208 [INFO] Checking slots for SC001 from 2025-12-15 00:00:00 to 2025-12-22 00:00:00. Ops: 8:0-20:0
2025-12-15 02:00:14,208 [INFO] Slot 2025-12-15 08:00:00 full. 15/15
2025-12-15 02:00:14,208 [INFO] Slot 2025-12-15 09:00:00 full. 15/15
2025-12-15 02:00:14,208 [INFO] Slot 2025-12-15 10:00:00 full. 15/15
2025-12-15 02:00:14,208 [INFO] Slot 2025-12-15 11:00:00 full. 15/15
2025-12-15 02:00:14,208 [INFO] Slot 2025-12-15 12:00:00 full. 15/15
2025-12-15 02:00:14,209 [INFO] Slot 2025-12-15 13:00:00 full. 15/15
2025-12-15 02:00:14,213 [ERROR] Error scheduling vehicle V003: 'NoneType' object has no attribute 'isoformat'
2025-12-15 02:00:14,216 [INFO] Checking slots for SC001 from 2025-12-15 00:00:00 to 2025-12-22 00:00:00. Ops: 8:0-20:0
2025-12-15 02:00:14,216 [INFO] Slot 2025-12-15 08:00:00 full. 15/15
2025-12-15 02:00:14,216 [INFO] Slot 2025-12-15 09:00:00 full. 15/15
2025-12-15 02:00:14,216 [INFO] Slot 2025-12-15 10:00:00 full. 15/15
2025-12-15 02:00:14,216 [INFO] Slot 2025-12-15 11:00:00 full. 15/15
2025-12-15 02:00:14,217 [INFO] Slot 2025-12-15 12:00:00 full. 15/15
2025-12-15 02:00:14,217 [INFO] Slot 2025-12-15 13:00:00 full. 15/15
2025-12-15 02:00:14,222 [ERROR] Error scheduling vehicle V001: 'NoneType' object has no attribute 'isoformat'
2025-12-15 02:00:14,223 [INFO] Checking slots for SC001 from 2025-12-15 00:00:00 to 2025-12-22 00:00:00. Ops: 8:0-20:0
2025-12-15 02:00:14,224 [INFO] Slot 2025-12-15 08:00:00 full. 15/15
2025-12-15 02:00:14,224 [INFO] Slot 2025-12-15 09:00:00 full. 15/15
2025-12-15 02:00:14,224 [INFO] Slot 2025-12-15 10:00:00 full. 15/15
2025-12-15 02:00:14,224 [INFO] Slot 2025-12-15 11:00:00 full. 15/15
2025-12-15 02:00:14,224 [INFO] Slot 2025-12-15 12:00:00 full. 15/15
2025-12-15 02:00:14,224 [INFO] Slot 2025-12-15 13:00:00 full. 15/15
2025-12-15 02:00:14,229 [ERROR] Error scheduling vehicle V001: 'NoneType' object has no attribute 'isoformat'
2025-12-15 02:00:14,233 [INFO] Checking slots for SC001 from 2025-12-15 00:00:00 to 2025-12-22 00:00:00. Ops: 8:0-20:0
2025-12-15 02:00:14,233 [INFO] Slot 2025-12-15 08:00:00 full. 15/15
2025-12-15 02:00:14,233 [INFO] Slot 2025-12-15 09:00:00 full. 15/15
2025-12-15 02:00:14,233 [INFO] Slot 2025-12-15 10:00:00 full. 15/15
2025-12-15 02:00:14,233 [INFO] Slot 2025-12-15 11:00:00 full. 15/15
2025-12-15 02:00:14,233 [INFO] Slot 2025-12-15 12:00:00 full. 15/15
2025-12-15 02:00:14,234 [INFO] Slot 2025-12-15 13:00:00 full. 15/15
2025-12-15 02:00:14,239 [ERROR] Error scheduling vehicle V002: 'NoneType' object has no attribute 'isoformat'
2025-12-15 02:00:14,241 [INFO] Checking slots for SC001 from 2025-12-15 00:00:00 to 2025-12-22 00:00:00. Ops: 8:0-20:0
2025-12-15 02:00:14,241 [INFO] Slot 2025-12-15 08:00:00 full. 15/15
2025-12-15 02:00:14,241 [INFO] Slot 2025-12-15 09:00:00 full. 15/15
2025-12-15 02:00:14,241 [INFO] Slot 2025-12-15 10:00:00 full. 15/15
2025-12-15 02:00:14,241 [INFO] Slot 2025-12-15 11:00:00 full. 15/15
2025-12-15 02:00:14,241 [INFO] Slot 2025-12-15 12:00:00 full. 15/15
2025-12-15 02:00:14,241 [INFO] Slot 2025-12-15 13:00:00 full. 15/15
2025-12-15 02:00:14,246 [ERROR] Error scheduling vehicle V003: 'NoneType' object has no attribute 'isoformat'
2025-12-15 02:00:14,249 [INFO] Checking slots for SC001 from 2025-12-15 00:00:00 to 2025-12-22 00:00:00. Ops: 8:0-20:0
2025-12-15 02:00:14,250 [INFO] Slot 2025-12-15 08:00:00 full. 15/15
2025-12-15 02:00:14,250 [INFO] Slot 2025-12-15 09:00:00 full. 15/15
2025-12-15 02:00:14,250 [INFO] Slot 2025-12-15 10:00:00 full. 15/15
2025-12-15 02:00:14,250 [INFO] Slot 2025-12-15 11:00:00 full. 15/15
2025-12-15 02:00:14,250 [INFO] Slot 2025-12-15 12:00:00 full. 15/15
2025-12-15 02:00:14,250 [INFO] Slot 2025-12-15 13:00:00 full. 15/15
2025-12-15 02:00:14,254 [ERROR] Error scheduling vehicle V001: 'NoneType' object has no attribute 'isoformat'
2025-12-15 02:00:14,257 [INFO] Checking slots for SC001 from 2025-12-15 00:00:00 to 2025-12-22 00:00:00. Ops: 8:0-20:0
2025-12-15 02:00:14,257 [INFO] Slot 2025-12-15 08:00:00 full. 15/15
2025-12-15 02:00:14,257 [INFO] Slot 2025-12-15 09:00:00 full. 15/15
2025-12-15 02:00:14,257 [INFO] Slot 2025-12-15 10:00:00 full. 15/15
2025-12-15 02:00:14,258 [INFO] Slot 2025-12-15 11:00:00 full. 15/15
2025-12-15 02:00:14,258 [INFO] Slot 2025-12-15 12:00:00 full. 15/15
2025-12-15 02:00:14,258 [INFO] Slot 2025-12-15 13:00:00 full. 15/15
2025-12-15 02:00:14,263 [ERROR] Error scheduling vehicle V003: 'NoneType' object has no attribute 'isoformat'
2025-12-15 02:00:14,267 [INFO] Checking slots for SC001 from 2025-12-15 00:00:00 to 2025-12-22 00:00:00. Ops: 8:0-20:0
2025-12-15 02:00:14,267 [INFO] Slot 2025-12-15 08:00:00 full. 15/15
2025-12-15 02:00:14,267 [INFO] Slot 2025-12-15 09:00:00 full. 15/15
2025-12-15 02:00:14,267 [INFO] Slot 2025-12-15 10:00:00 full. 15/15
2025-12-15 02:00:14,267 [INFO] Slot 2025-12-15 11:00:00 full. 15/15
2025-12-15 02:00:14,267 [INFO] Slot 2025-12-15 12:00:00 full. 15/15
2025-12-15 02:00:14,267 [INFO] Slot 2025-12-15 13:00:00 full. 15/15
2025-12-15 02:00:14,272 [ERROR] Error scheduling vehicle V001: 'NoneType' object has no attribute 'isoformat'
2025-12-15 02:00:14,275 [INFO] Checking slots for SC001 from 2025-12-15 00:00:00 to 2025-12-22 00:00:00. Ops: 8:0-20:0
2025-12-15 02:00:14,275 [INFO] Slot 2025-12-15 08:00:00 full. 15/15
2025-12-15 02:00:14,275 [INFO] Slot 2025-12-15 09:00:00 full. 15/15
2025-12-15 02:00:14,276 [INFO] Slot 2025-12-15 10:00:00 full. 15/15
2025-12-15 02:00:14,276 [INFO] Slot 2025-12-15 11:00:00 full. 15/15
2025-12-15 02:00:14,276 [INFO] Slot 2025-12-15 12:00:00 full. 15/15
2025-12-15 02:00:14,276 [INFO] Slot 2025-12-15 13:00:00 full. 15/15
2025-12-15 02:00:14,281 [ERROR] Error scheduling vehicle V002: 'NoneType' object has no attribute 'isoformat'
2025-12-15 02:00:14,284 [INFO] Checking slots for SC001 from 2025-12-15 00:00:00 to 2025-12-22 00:00:00. Ops: 8:0-20:0
2025-12-15 02:00:14,284 [INFO] Slot 2025-12-15 08:00:00 full. 15/15
2025-12-15 02:00:14,285 [INFO] Slot 2025-12-15 09:00:00 full. 15/15
2025-12-15 02:00:14,285 [INFO] Slot 2025-12-15 10:00:00 full. 15/15
2025-12-15 02:00:14,285 [INFO] Slot 2025-12-15 11:00:00 full. 15/15
2025-12-15 02:00:14,285 [INFO] Slot 2025-12-15 12:00:00 full. 15/15
2025-12-15 02:00:14,285 [INFO] Slot 2025-12-15 13:00:00 full. 15/15
2025-12-15 02:00:14,289 [ERROR] Error scheduling vehicle V003: 'NoneType' object has no attribute 'isoformat'
2025-12-15 02:00:14,291 [INFO] Checking slots for SC001 from 2025-12-15 00:00:00 to 2025-12-22 00:00:00. Ops: 8:0-20:0
2025-12-15 02:00:14,293 [INFO] Slot 2025-12-15 08:00:00 full. 15/15
2025-12-15 02:00:14,293 [INFO] Slot 2025-12-15 09:00:00 full. 15/15
2025-12-15 02:00:14,293 [INFO] Slot 2025-12-15 10:00:00 full. 15/15
2025-12-15 02:00:14,293 [INFO] Slot 2025-12-15 11:00:00 full. 15/15
2025-12-15 02:00:14,293 [INFO] Slot 2025-12-15 12:00:00 full. 15/15
2025-12-15 02:00:14,293 [INFO] Slot 2025-12-15 13:00:00 full. 15/15
2025-12-15 02:00:14,299 [ERROR] Error scheduling vehicle V001: 'NoneType' object has no attribute 'isoformat'
2025-12-15 02:00:14,303 [INFO] Checking slots for SC001 from 2025-12-15 00:00:00 to 2025-12-22 00:00:00. Ops: 8:0-20:0
2025-12-15 02:00:14,303 [INFO] Slot 2025-12-15 08:00:00 full. 15/15
2025-12-15 02:00:14,303 [INFO] Slot 2025-12-15 09:00:00 full. 15/15
2025-12-15 02:00:14,303 [INFO] Slot 2025-12-15 10:00:00 full. 15/15
2025-12-15 02:00:14,303 [INFO] Slot 2025-12-15 11:00:00 full. 15/15
2025-12-15 02:00:14,303 [INFO] Slot 2025-12-15 12:00:00 full. 15/15
2025-12-15 02:00:14,304 [INFO] Slot 2025-12-15 13:00:00 full. 15/15
2025-12-15 02:00:14,308 [ERROR] Error scheduling vehicle V002: 'NoneType' object has no attribute 'isoformat'
2025-12-15 02:00:14,314 [INFO] 127.0.0.1 - - [15/Dec/2025 02:00:14] "POST /api/schedule_batch HTTP/1.1" 200 -
2025-12-15 02:00:44,747 [INFO]  * Detected change in 'D:\\EYSOLUTION\\maintenance-predictor\\microservices\\scheduling\\app.py', reloading
2025-12-15 02:00:44,918 [INFO]  * Detected change in 'D:\\EYSOLUTION\\maintenance-predictor\\microservices\\scheduling\\app.py', reloading
2025-12-15 02:00:45,158 [INFO]  * Restarting with stat
2025-12-15 02:00:46,054 [WARNING]  * Debugger is active!
2025-12-15 02:00:46,060 [INFO]  * Debugger PIN: 298-487-376
2025-12-15 02:01:20,971 [INFO] [31m[1mWARNING: This is a development server. Do not use it in a production deployment. Use a production WSGI server instead.[0m
 * Running on all addresses (0.0.0.0)
 * Running on http://127.0.0.1:5003
 * Running on http://192.168.0.2:5003
2025-12-15 02:01:20,973 [INFO] [33mPress CTRL+C to quit[0m
2025-12-15 02:01:20,974 [INFO]  * Restarting with stat
2025-12-15 02:01:21,627 [WARNING]  * Debugger is active!
2025-12-15 02:01:21,633 [INFO]  * Debugger PIN: 298-487-376
2025-12-15 02:01:39,063 [INFO] 127.0.0.1 - - [15/Dec/2025 02:01:39] "GET /health HTTP/1.1" 200 -
2025-12-15 02:01:47,138 [INFO] 127.0.0.1 - - [15/Dec/2025 02:01:47] "GET /health HTTP/1.1" 200 -
2025-12-15 02:02:12,190 [INFO] 127.0.0.1 - - [15/Dec/2025 02:02:12] "GET /api/bookings HTTP/1.1" 200 -
2025-12-15 02:02:12,898 [INFO] Checking slots for SC001 from 2025-12-15 00:00:00 to 2025-12-22 00:00:00. Ops: 8:0-20:0
2025-12-15 02:02:12,898 [INFO] Slot 2025-12-15 08:00:00 full. 15/15
2025-12-15 02:02:12,899 [INFO] Slot 2025-12-15 09:00:00 full. 15/15
2025-12-15 02:02:12,899 [INFO] Slot 2025-12-15 10:00:00 full. 15/15
2025-12-15 02:02:12,899 [INFO] Slot 2025-12-15 11:00:00 full. 15/15
2025-12-15 02:02:12,899 [INFO] Slot 2025-12-15 12:00:00 full. 15/15
2025-12-15 02:02:12,899 [INFO] Slot 2025-12-15 13:00:00 full. 15/15
2025-12-15 02:02:12,923 [INFO] Checking slots for SC001 from 2025-12-15 00:00:00 to 2025-12-22 00:00:00. Ops: 8:0-20:0
2025-12-15 02:02:12,923 [INFO] Slot 2025-12-15 08:00:00 full. 15/15
2025-12-15 02:02:12,923 [INFO] Slot 2025-12-15 09:00:00 full. 15/15
2025-12-15 02:02:12,925 [INFO] Slot 2025-12-15 10:00:00 full. 15/15
2025-12-15 02:02:12,925 [INFO] Slot 2025-12-15 11:00:00 full. 15/15
2025-12-15 02:02:12,925 [INFO] Slot 2025-12-15 12:00:00 full. 15/15
2025-12-15 02:02:12,925 [INFO] Slot 2025-12-15 13:00:00 full. 15/15
2025-12-15 02:02:12,936 [INFO] Checking slots for SC001 from 2025-12-15 00:00:00 to 2025-12-22 00:00:00. Ops: 8:0-20:0
2025-12-15 02:02:12,936 [INFO] Slot 2025-12-15 08:00:00 full. 15/15
2025-12-15 02:02:12,936 [INFO] Slot 2025-12-15 09:00:00 full. 15/15
2025-12-15 02:02:12,936 [INFO] Slot 2025-12-15 10:00:00 full. 15/15
2025-12-15 02:02:12,937 [INFO] Slot 2025-12-15 11:00:00 full. 15/15
2025-12-15 02:02:12,937 [INFO] Slot 2025-12-15 12:00:00 full. 15/15
2025-12-15 02:02:12,937 [INFO] Slot 2025-12-15 13:00:00 full. 15/15
2025-12-15 02:02:12,937 [INFO] Slot 2025-12-15 14:00:00 full. 15/15
2025-12-15 02:02:12,951 [INFO] Checking slots for SC001 from 2025-12-15 00:00:00 to 2025-12-22 00:00:00. Ops: 8:0-20:0
2025-12-15 02:02:12,951 [INFO] Slot 2025-12-15 08:00:00 full. 15/15
2025-12-15 02:02:12,952 [INFO] Slot 2025-12-15 09:00:00 full. 15/15
2025-12-15 02:02:12,952 [INFO] Slot 2025-12-15 10:00:00 full. 15/15
2025-12-15 02:02:12,952 [INFO] Slot 2025-12-15 11:00:00 full. 15/15
2025-12-15 02:02:12,952 [INFO] Slot 2025-12-15 12:00:00 full. 15/15
2025-12-15 02:02:12,953 [INFO] Slot 2025-12-15 13:00:00 full. 15/15
2025-12-15 02:02:12,953 [INFO] Slot 2025-12-15 14:00:00 full. 15/15
2025-12-15 02:02:12,967 [INFO] Checking slots for SC001 from 2025-12-15 00:00:00 to 2025-12-22 00:00:00. Ops: 8:0-20:0
2025-12-15 02:02:12,968 [INFO] Slot 2025-12-15 08:00:00 full. 15/15
2025-12-15 02:02:12,968 [INFO] Slot 2025-12-15 09:00:00 full. 15/15
2025-12-15 02:02:12,968 [INFO] Slot 2025-12-15 10:00:00 full. 15/15
2025-12-15 02:02:12,968 [INFO] Slot 2025-12-15 11:00:00 full. 15/15
2025-12-15 02:02:12,968 [INFO] Slot 2025-12-15 12:00:00 full. 15/15
2025-12-15 02:02:12,969 [INFO] Slot 2025-12-15 13:00:00 full. 15/15
2025-12-15 02:02:12,969 [INFO] Slot 2025-12-15 14:00:00 full. 15/15
2025-12-15 02:02:12,984 [INFO] Checking slots for SC001 from 2025-12-15 00:00:00 to 2025-12-22 00:00:00. Ops: 8:0-20:0
2025-12-15 02:02:12,985 [INFO] Slot 2025-12-15 08:00:00 full. 15/15
2025-12-15 02:02:12,985 [INFO] Slot 2025-12-15 09:00:00 full. 15/15
2025-12-15 02:02:12,985 [INFO] Slot 2025-12-15 10:00:00 full. 15/15
2025-12-15 02:02:12,985 [INFO] Slot 2025-12-15 11:00:00 full. 15/15
2025-12-15 02:02:12,986 [INFO] Slot 2025-12-15 12:00:00 full. 15/15
2025-12-15 02:02:12,986 [INFO] Slot 2025-12-15 13:00:00 full. 15/15
2025-12-15 02:02:12,986 [INFO] Slot 2025-12-15 14:00:00 full. 15/15
2025-12-15 02:02:12,996 [INFO] Checking slots for SC001 from 2025-12-15 00:00:00 to 2025-12-22 00:00:00. Ops: 8:0-20:0
2025-12-15 02:02:12,996 [INFO] Slot 2025-12-15 08:00:00 full. 15/15
2025-12-15 02:02:12,996 [INFO] Slot 2025-12-15 09:00:00 full. 15/15
2025-12-15 02:02:12,996 [INFO] Slot 2025-12-15 10:00:00 full. 15/15
2025-12-15 02:02:12,997 [INFO] Slot 2025-12-15 11:00:00 full. 15/15
2025-12-15 02:02:12,997 [INFO] Slot 2025-12-15 12:00:00 full. 15/15
2025-12-15 02:02:12,997 [INFO] Slot 2025-12-15 13:00:00 full. 15/15
2025-12-15 02:02:12,997 [INFO] Slot 2025-12-15 14:00:00 full. 15/15
2025-12-15 02:02:13,009 [INFO] Checking slots for SC001 from 2025-12-15 00:00:00 to 2025-12-22 00:00:00. Ops: 8:0-20:0
2025-12-15 02:02:13,009 [INFO] Slot 2025-12-15 08:00:00 full. 15/15
2025-12-15 02:02:13,010 [INFO] Slot 2025-12-15 09:00:00 full. 15/15
2025-12-15 02:02:13,010 [INFO] Slot 2025-12-15 10:00:00 full. 15/15
2025-12-15 02:02:13,010 [INFO] Slot 2025-12-15 11:00:00 full. 15/15
2025-12-15 02:02:13,010 [INFO] Slot 2025-12-15 12:00:00 full. 15/15
2025-12-15 02:02:13,011 [INFO] Slot 2025-12-15 13:00:00 full. 15/15
2025-12-15 02:02:13,011 [INFO] Slot 2025-12-15 14:00:00 full. 15/15
2025-12-15 02:02:13,025 [INFO] Checking slots for SC001 from 2025-12-15 00:00:00 to 2025-12-22 00:00:00. Ops: 8:0-20:0
2025-12-15 02:02:13,025 [INFO] Slot 2025-12-15 08:00:00 full. 15/15
2025-12-15 02:02:13,025 [INFO] Slot 2025-12-15 09:00:00 full. 15/15
2025-12-15 02:02:13,025 [INFO] Slot 2025-12-15 10:00:00 full. 15/15
2025-12-15 02:02:13,026 [INFO] Slot 2025-12-15 11:00:00 full. 15/15
2025-12-15 02:02:13,026 [INFO] Slot 2025-12-15 12:00:00 full. 15/15
2025-12-15 02:02:13,026 [INFO] Slot 2025-12-15 13:00:00 full. 15/15
2025-12-15 02:02:13,026 [INFO] Slot 2025-12-15 14:00:00 full. 15/15
2025-12-15 02:02:13,042 [INFO] Checking slots for SC001 from 2025-12-15 00:00:00 to 2025-12-22 00:00:00. Ops: 8:0-20:0
2025-12-15 02:02:13,042 [INFO] Slot 2025-12-15 08:00:00 full. 15/15
2025-12-15 02:02:13,043 [INFO] Slot 2025-12-15 09:00:00 full. 15/15
2025-12-15 02:02:13,043 [INFO] Slot 2025-12-15 10:00:00 full. 15/15
2025-12-15 02:02:13,043 [INFO] Slot 2025-12-15 11:00:00 full. 15/15
2025-12-15 02:02:13,043 [INFO] Slot 2025-12-15 12:00:00 full. 15/15
2025-12-15 02:02:13,043 [INFO] Slot 2025-12-15 13:00:00 full. 15/15
2025-12-15 02:02:13,044 [INFO] Slot 2025-12-15 14:00:00 full. 15/15
2025-12-15 02:02:13,052 [INFO] Checking slots for SC001 from 2025-12-15 00:00:00 to 2025-12-22 00:00:00. Ops: 8:0-20:0
2025-12-15 02:02:13,052 [INFO] Slot 2025-12-15 08:00:00 full. 15/15
2025-12-15 02:02:13,052 [INFO] Slot 2025-12-15 09:00:00 full. 15/15
2025-12-15 02:02:13,052 [INFO] Slot 2025-12-15 10:00:00 full. 15/15
2025-12-15 02:02:13,054 [INFO] Slot 2025-12-15 11:00:00 full. 15/15
2025-12-15 02:02:13,054 [INFO] Slot 2025-12-15 12:00:00 full. 15/15
2025-12-15 02:02:13,054 [INFO] Slot 2025-12-15 13:00:00 full. 15/15
2025-12-15 02:02:13,054 [INFO] Slot 2025-12-15 14:00:00 full. 15/15
2025-12-15 02:02:13,069 [INFO] Checking slots for SC001 from 2025-12-15 00:00:00 to 2025-12-22 00:00:00. Ops: 8:0-20:0
2025-12-15 02:02:13,070 [INFO] Slot 2025-12-15 08:00:00 full. 15/15
2025-12-15 02:02:13,070 [INFO] Slot 2025-12-15 09:00:00 full. 15/15
2025-12-15 02:02:13,070 [INFO] Slot 2025-12-15 10:00:00 full. 15/15
2025-12-15 02:02:13,070 [INFO] Slot 2025-12-15 11:00:00 full. 15/15
2025-12-15 02:02:13,071 [INFO] Slot 2025-12-15 12:00:00 full. 15/15
2025-12-15 02:02:13,071 [INFO] Slot 2025-12-15 13:00:00 full. 15/15
2025-12-15 02:02:13,072 [INFO] Slot 2025-12-15 14:00:00 full. 15/15
2025-12-15 02:02:13,087 [INFO] Checking slots for SC001 from 2025-12-15 00:00:00 to 2025-12-22 00:00:00. Ops: 8:0-20:0
2025-12-15 02:02:13,087 [INFO] Slot 2025-12-15 08:00:00 full. 15/15
2025-12-15 02:02:13,087 [INFO] Slot 2025-12-15 09:00:00 full. 15/15
2025-12-15 02:02:13,088 [INFO] Slot 2025-12-15 10:00:00 full. 15/15
2025-12-15 02:02:13,088 [INFO] Slot 2025-12-15 11:00:00 full. 15/15
2025-12-15 02:02:13,088 [INFO] Slot 2025-12-15 12:00:00 full. 15/15
2025-12-15 02:02:13,088 [INFO] Slot 2025-12-15 13:00:00 full. 15/15
2025-12-15 02:02:13,089 [INFO] Slot 2025-12-15 14:00:00 full. 15/15
2025-12-15 02:02:13,098 [INFO] Checking slots for SC001 from 2025-12-15 00:00:00 to 2025-12-22 00:00:00. Ops: 8:0-20:0
2025-12-15 02:02:13,098 [INFO] Slot 2025-12-15 08:00:00 full. 15/15
2025-12-15 02:02:13,099 [INFO] Slot 2025-12-15 09:00:00 full. 15/15
2025-12-15 02:02:13,099 [INFO] Slot 2025-12-15 10:00:00 full. 15/15
2025-12-15 02:02:13,099 [INFO] Slot 2025-12-15 11:00:00 full. 15/15
2025-12-15 02:02:13,099 [INFO] Slot 2025-12-15 12:00:00 full. 15/15
2025-12-15 02:02:13,100 [INFO] Slot 2025-12-15 13:00:00 full. 15/15
2025-12-15 02:02:13,100 [INFO] Slot 2025-12-15 14:00:00 full. 15/15
2025-12-15 02:02:13,113 [INFO] Checking slots for SC001 from 2025-12-15 00:00:00 to 2025-12-22 00:00:00. Ops: 8:0-20:0
2025-12-15 02:02:13,113 [INFO] Slot 2025-12-15 08:00:00 full. 15/15
2025-12-15 02:02:13,114 [INFO] Slot 2025-12-15 09:00:00 full. 15/15
2025-12-15 02:02:13,114 [INFO] Slot 2025-12-15 10:00:00 full. 15/15
2025-12-15 02:02:13,114 [INFO] Slot 2025-12-15 11:00:00 full. 15/15
2025-12-15 02:02:13,114 [INFO] Slot 2025-12-15 12:00:00 full. 15/15
2025-12-15 02:02:13,115 [INFO] Slot 2025-12-15 13:00:00 full. 15/15
2025-12-15 02:02:13,115 [INFO] Slot 2025-12-15 14:00:00 full. 15/15
2025-12-15 02:02:13,128 [INFO] Checking slots for SC001 from 2025-12-15 00:00:00 to 2025-12-22 00:00:00. Ops: 8:0-20:0
2025-12-15 02:02:13,129 [INFO] Slot 2025-12-15 08:00:00 full. 15/15
2025-12-15 02:02:13,129 [INFO] Slot 2025-12-15 09:00:00 full. 15/15
2025-12-15 02:02:13,129 [INFO] Slot 2025-12-15 10:00:00 full. 15/15
2025-12-15 02:02:13,130 [INFO] Slot 2025-12-15 11:00:00 full. 15/15
2025-12-15 02:02:13,130 [INFO] Slot 2025-12-15 12:00:00 full. 15/15
2025-12-15 02:02:13,130 [INFO] Slot 2025-12-15 13:00:00 full. 15/15
2025-12-15 02:02:13,130 [INFO] Slot 2025-12-15 14:00:00 full. 15/15
2025-12-15 02:02:13,144 [INFO] Checking slots for SC001 from 2025-12-15 00:00:00 to 2025-12-22 00:00:00. Ops: 8:0-20:0
2025-12-15 02:02:13,145 [INFO] Slot 2025-12-15 08:00:00 full. 15/15
2025-12-15 02:02:13,145 [INFO] Slot 2025-12-15 09:00:00 full. 15/15
2025-12-15 02:02:13,145 [INFO] Slot 2025-12-15 10:00:00 full. 15/15
2025-12-15 02:02:13,146 [INFO] Slot 2025-12-15 11:00:00 full. 15/15
2025-12-15 02:02:13,146 [INFO] Slot 2025-12-15 12:00:00 full. 15/15
2025-12-15 02:02:13,146 [INFO] Slot 2025-12-15 13:00:00 full. 15/15
2025-12-15 02:02:13,146 [INFO] Slot 2025-12-15 14:00:00 full. 15/15
2025-12-15 02:02:13,162 [INFO] Checking slots for SC001 from 2025-12-15 00:00:00 to 2025-12-22 00:00:00. Ops: 8:0-20:0
2025-12-15 02:02:13,162 [INFO] Slot 2025-12-15 08:00:00 full. 15/15
2025-12-15 02:02:13,163 [INFO] Slot 2025-12-15 09:00:00 full. 15/15
2025-12-15 02:02:13,163 [INFO] Slot 2025-12-15 10:00:00 full. 15/15
2025-12-15 02:02:13,163 [INFO] Slot 2025-12-15 11:00:00 full. 15/15
2025-12-15 02:02:13,163 [INFO] Slot 2025-12-15 12:00:00 full. 15/15
2025-12-15 02:02:13,164 [INFO] Slot 2025-12-15 13:00:00 full. 15/15
2025-12-15 02:02:13,164 [INFO] Slot 2025-12-15 14:00:00 full. 15/15
2025-12-15 02:02:13,164 [INFO] Slot 2025-12-15 15:00:00 full. 15/15
2025-12-15 02:02:13,179 [INFO] Checking slots for SC001 from 2025-12-15 00:00:00 to 2025-12-22 00:00:00. Ops: 8:0-20:0
2025-12-15 02:02:13,180 [INFO] Slot 2025-12-15 08:00:00 full. 15/15
2025-12-15 02:02:13,180 [INFO] Slot 2025-12-15 09:00:00 full. 15/15
2025-12-15 02:02:13,180 [INFO] Slot 2025-12-15 10:00:00 full. 15/15
2025-12-15 02:02:13,181 [INFO] Slot 2025-12-15 11:00:00 full. 15/15
2025-12-15 02:02:13,181 [INFO] Slot 2025-12-15 12:00:00 full. 15/15
2025-12-15 02:02:13,181 [INFO] Slot 2025-12-15 13:00:00 full. 15/15
2025-12-15 02:02:13,181 [INFO] Slot 2025-12-15 14:00:00 full. 15/15
2025-12-15 02:02:13,181 [INFO] Slot 2025-12-15 15:00:00 full. 15/15
2025-12-15 02:02:13,196 [INFO] Checking slots for SC001 from 2025-12-15 00:00:00 to 2025-12-22 00:00:00. Ops: 8:0-20:0
2025-12-15 02:02:13,196 [INFO] Slot 2025-12-15 08:00:00 full. 15/15
2025-12-15 02:02:13,197 [INFO] Slot 2025-12-15 09:00:00 full. 15/15
2025-12-15 02:02:13,197 [INFO] Slot 2025-12-15 10:00:00 full. 15/15
2025-12-15 02:02:13,197 [INFO] Slot 2025-12-15 11:00:00 full. 15/15
2025-12-15 02:02:13,197 [INFO] Slot 2025-12-15 12:00:00 full. 15/15
2025-12-15 02:02:13,197 [INFO] Slot 2025-12-15 13:00:00 full. 15/15
2025-12-15 02:02:13,197 [INFO] Slot 2025-12-15 14:00:00 full. 15/15
2025-12-15 02:02:13,197 [INFO] Slot 2025-12-15 15:00:00 full. 15/15
2025-12-15 02:02:13,212 [INFO] Checking slots for SC001 from 2025-12-15 00:00:00 to 2025-12-22 00:00:00. Ops: 8:0-20:0
2025-12-15 02:02:13,212 [INFO] Slot 2025-12-15 08:00:00 full. 15/15
2025-12-15 02:02:13,213 [INFO] Slot 2025-12-15 09:00:00 full. 15/15
2025-12-15 02:02:13,213 [INFO] Slot 2025-12-15 10:00:00 full. 15/15
2025-12-15 02:02:13,213 [INFO] Slot 2025-12-15 11:00:00 full. 15/15
2025-12-15 02:02:13,213 [INFO] Slot 2025-12-15 12:00:00 full. 15/15
2025-12-15 02:02:13,213 [INFO] Slot 2025-12-15 13:00:00 full. 15/15
2025-12-15 02:02:13,214 [INFO] Slot 2025-12-15 14:00:00 full. 15/15
2025-12-15 02:02:13,214 [INFO] Slot 2025-12-15 15:00:00 full. 15/15
2025-12-15 02:02:13,224 [INFO] Checking slots for SC001 from 2025-12-15 00:00:00 to 2025-12-22 00:00:00. Ops: 8:0-20:0
2025-12-15 02:02:13,224 [INFO] Slot 2025-12-15 08:00:00 full. 15/15
2025-12-15 02:02:13,224 [INFO] Slot 2025-12-15 09:00:00 full. 15/15
2025-12-15 02:02:13,224 [INFO] Slot 2025-12-15 10:00:00 full. 15/15
2025-12-15 02:02:13,224 [INFO] Slot 2025-12-15 11:00:00 full. 15/15
2025-12-15 02:02:13,226 [INFO] Slot 2025-12-15 12:00:00 full. 15/15
2025-12-15 02:02:13,226 [INFO] Slot 2025-12-15 13:00:00 full. 15/15
2025-12-15 02:02:13,226 [INFO] Slot 2025-12-15 14:00:00 full. 15/15
2025-12-15 02:02:13,226 [INFO] Slot 2025-12-15 15:00:00 full. 15/15
2025-12-15 02:02:13,236 [INFO] Checking slots for SC001 from 2025-12-15 00:00:00 to 2025-12-22 00:00:00. Ops: 8:0-20:0
2025-12-15 02:02:13,237 [INFO] Slot 2025-12-15 08:00:00 full. 15/15
2025-12-15 02:02:13,237 [INFO] Slot 2025-12-15 09:00:00 full. 15/15
2025-12-15 02:02:13,237 [INFO] Slot 2025-12-15 10:00:00 full. 15/15
2025-12-15 02:02:13,238 [INFO] Slot 2025-12-15 11:00:00 full. 15/15
2025-12-15 02:02:13,238 [INFO] Slot 2025-12-15 12:00:00 full. 15/15
2025-12-15 02:02:13,238 [INFO] Slot 2025-12-15 13:00:00 full. 15/15
2025-12-15 02:02:13,238 [INFO] Slot 2025-12-15 14:00:00 full. 15/15
2025-12-15 02:02:13,238 [INFO] Slot 2025-12-15 15:00:00 full. 15/15
2025-12-15 02:02:13,251 [INFO] Checking slots for SC001 from 2025-12-15 00:00:00 to 2025-12-22 00:00:00. Ops: 8:0-20:0
2025-12-15 02:02:13,251 [INFO] Slot 2025-12-15 08:00:00 full. 15/15
2025-12-15 02:02:13,251 [INFO] Slot 2025-12-15 09:00:00 full. 15/15
2025-12-15 02:02:13,251 [INFO] Slot 2025-12-15 10:00:00 full. 15/15
2025-12-15 02:02:13,252 [INFO] Slot 2025-12-15 11:00:00 full. 15/15
2025-12-15 02:02:13,252 [INFO] Slot 2025-12-15 12:00:00 full. 15/15
2025-12-15 02:02:13,252 [INFO] Slot 2025-12-15 13:00:00 full. 15/15
2025-12-15 02:02:13,252 [INFO] Slot 2025-12-15 14:00:00 full. 15/15
2025-12-15 02:02:13,252 [INFO] Slot 2025-12-15 15:00:00 full. 15/15
2025-12-15 02:02:13,265 [INFO] Checking slots for SC001 from 2025-12-15 00:00:00 to 2025-12-22 00:00:00. Ops: 8:0-20:0
2025-12-15 02:02:13,265 [INFO] Slot 2025-12-15 08:00:00 full. 15/15
2025-12-15 02:02:13,265 [INFO] Slot 2025-12-15 09:00:00 full. 15/15
2025-12-15 02:02:13,265 [INFO] Slot 2025-12-15 10:00:00 full. 15/15
2025-12-15 02:02:13,266 [INFO] Slot 2025-12-15 11:00:00 full. 15/15
2025-12-15 02:02:13,266 [INFO] Slot 2025-12-15 12:00:00 full. 15/15
2025-12-15 02:02:13,266 [INFO] Slot 2025-12-15 13:00:00 full. 15/15
2025-12-15 02:02:13,266 [INFO] Slot 2025-12-15 14:00:00 full. 15/15
2025-12-15 02:02:13,266 [INFO] Slot 2025-12-15 15:00:00 full. 15/15
2025-12-15 02:02:13,277 [INFO] Checking slots for SC001 from 2025-12-15 00:00:00 to 2025-12-22 00:00:00. Ops: 8:0-20:0
2025-12-15 02:02:13,277 [INFO] Slot 2025-12-15 08:00:00 full. 15/15
2025-12-15 02:02:13,278 [INFO] Slot 2025-12-15 09:00:00 full. 15/15
2025-12-15 02:02:13,278 [INFO] Slot 2025-12-15 10:00:00 full. 15/15
2025-12-15 02:02:13,279 [INFO] Slot 2025-12-15 11:00:00 full. 15/15
2025-12-15 02:02:13,279 [INFO] Slot 2025-12-15 12:00:00 full. 15/15
2025-12-15 02:02:13,279 [INFO] Slot 2025-12-15 13:00:00 full. 15/15
2025-12-15 02:02:13,279 [INFO] Slot 2025-12-15 14:00:00 full. 15/15
2025-12-15 02:02:13,279 [INFO] Slot 2025-12-15 15:00:00 full. 15/15
2025-12-15 02:02:13,291 [INFO] Checking slots for SC001 from 2025-12-15 00:00:00 to 2025-12-22 00:00:00. Ops: 8:0-20:0
2025-12-15 02:02:13,291 [INFO] Slot 2025-12-15 08:00:00 full. 15/15
2025-12-15 02:02:13,291 [INFO] Slot 2025-12-15 09:00:00 full. 15/15
2025-12-15 02:02:13,291 [INFO] Slot 2025-12-15 10:00:00 full. 15/15
2025-12-15 02:02:13,291 [INFO] Slot 2025-12-15 11:00:00 full. 15/15
2025-12-15 02:02:13,293 [INFO] Slot 2025-12-15 12:00:00 full. 15/15
2025-12-15 02:02:13,293 [INFO] Slot 2025-12-15 13:00:00 full. 15/15
2025-12-15 02:02:13,293 [INFO] Slot 2025-12-15 14:00:00 full. 15/15
2025-12-15 02:02:13,293 [INFO] Slot 2025-12-15 15:00:00 full. 15/15
2025-12-15 02:02:13,305 [INFO] Checking slots for SC001 from 2025-12-15 00:00:00 to 2025-12-22 00:00:00. Ops: 8:0-20:0
2025-12-15 02:02:13,306 [INFO] Slot 2025-12-15 08:00:00 full. 15/15
2025-12-15 02:02:13,306 [INFO] Slot 2025-12-15 09:00:00 full. 15/15
2025-12-15 02:02:13,306 [INFO] Slot 2025-12-15 10:00:00 full. 15/15
2025-12-15 02:02:13,306 [INFO] Slot 2025-12-15 11:00:00 full. 15/15
2025-12-15 02:02:13,307 [INFO] Slot 2025-12-15 12:00:00 full. 15/15
2025-12-15 02:02:13,307 [INFO] Slot 2025-12-15 13:00:00 full. 15/15
2025-12-15 02:02:13,307 [INFO] Slot 2025-12-15 14:00:00 full. 15/15
2025-12-15 02:02:13,307 [INFO] Slot 2025-12-15 15:00:00 full. 15/15
2025-12-15 02:02:13,322 [INFO] Checking slots for SC001 from 2025-12-15 00:00:00 to 2025-12-22 00:00:00. Ops: 8:0-20:0
2025-12-15 02:02:13,322 [INFO] Slot 2025-12-15 08:00:00 full. 15/15
2025-12-15 02:02:13,323 [INFO] Slot 2025-12-15 09:00:00 full. 15/15
2025-12-15 02:02:13,323 [INFO] Slot 2025-12-15 10:00:00 full. 15/15
2025-12-15 02:02:13,323 [INFO] Slot 2025-12-15 11:00:00 full. 15/15
2025-12-15 02:02:13,323 [INFO] Slot 2025-12-15 12:00:00 full. 15/15
2025-12-15 02:02:13,323 [INFO] Slot 2025-12-15 13:00:00 full. 15/15
2025-12-15 02:02:13,324 [INFO] Slot 2025-12-15 14:00:00 full. 15/15
2025-12-15 02:02:13,324 [INFO] Slot 2025-12-15 15:00:00 full. 15/15
2025-12-15 02:02:13,335 [INFO] Checking slots for SC001 from 2025-12-15 00:00:00 to 2025-12-22 00:00:00. Ops: 8:0-20:0
2025-12-15 02:02:13,336 [INFO] Slot 2025-12-15 08:00:00 full. 15/15
2025-12-15 02:02:13,336 [INFO] Slot 2025-12-15 09:00:00 full. 15/15
2025-12-15 02:02:13,336 [INFO] Slot 2025-12-15 10:00:00 full. 15/15
2025-12-15 02:02:13,336 [INFO] Slot 2025-12-15 11:00:00 full. 15/15
2025-12-15 02:02:13,336 [INFO] Slot 2025-12-15 12:00:00 full. 15/15
2025-12-15 02:02:13,338 [INFO] Slot 2025-12-15 13:00:00 full. 15/15
2025-12-15 02:02:13,338 [INFO] Slot 2025-12-15 14:00:00 full. 15/15
2025-12-15 02:02:13,338 [INFO] Slot 2025-12-15 15:00:00 full. 15/15
2025-12-15 02:02:13,352 [INFO] Checking slots for SC001 from 2025-12-15 00:00:00 to 2025-12-22 00:00:00. Ops: 8:0-20:0
2025-12-15 02:02:13,352 [INFO] Slot 2025-12-15 08:00:00 full. 15/15
2025-12-15 02:02:13,352 [INFO] Slot 2025-12-15 09:00:00 full. 15/15
2025-12-15 02:02:13,352 [INFO] Slot 2025-12-15 10:00:00 full. 15/15
2025-12-15 02:02:13,353 [INFO] Slot 2025-12-15 11:00:00 full. 15/15
2025-12-15 02:02:13,353 [INFO] Slot 2025-12-15 12:00:00 full. 15/15
2025-12-15 02:02:13,353 [INFO] Slot 2025-12-15 13:00:00 full. 15/15
2025-12-15 02:02:13,353 [INFO] Slot 2025-12-15 14:00:00 full. 15/15
2025-12-15 02:02:13,354 [INFO] Slot 2025-12-15 15:00:00 full. 15/15
2025-12-15 02:02:13,364 [INFO] Checking slots for SC001 from 2025-12-15 00:00:00 to 2025-12-22 00:00:00. Ops: 8:0-20:0
2025-12-15 02:02:13,364 [INFO] Slot 2025-12-15 08:00:00 full. 15/15
2025-12-15 02:02:13,365 [INFO] Slot 2025-12-15 09:00:00 full. 15/15
2025-12-15 02:02:13,365 [INFO] Slot 2025-12-15 10:00:00 full. 15/15
2025-12-15 02:02:13,365 [INFO] Slot 2025-12-15 11:00:00 full. 15/15
2025-12-15 02:02:13,365 [INFO] Slot 2025-12-15 12:00:00 full. 15/15
2025-12-15 02:02:13,365 [INFO] Slot 2025-12-15 13:00:00 full. 15/15
2025-12-15 02:02:13,365 [INFO] Slot 2025-12-15 14:00:00 full. 15/15
2025-12-15 02:02:13,365 [INFO] Slot 2025-12-15 15:00:00 full. 15/15
2025-12-15 02:02:13,385 [INFO] Checking slots for SC001 from 2025-12-15 00:00:00 to 2025-12-22 00:00:00. Ops: 8:0-20:0
2025-12-15 02:02:13,385 [INFO] Slot 2025-12-15 08:00:00 full. 15/15
2025-12-15 02:02:13,385 [INFO] Slot 2025-12-15 09:00:00 full. 15/15
2025-12-15 02:02:13,385 [INFO] Slot 2025-12-15 10:00:00 full. 15/15
2025-12-15 02:02:13,386 [INFO] Slot 2025-12-15 11:00:00 full. 15/15
2025-12-15 02:02:13,386 [INFO] Slot 2025-12-15 12:00:00 full. 15/15
2025-12-15 02:02:13,386 [INFO] Slot 2025-12-15 13:00:00 full. 15/15
2025-12-15 02:02:13,386 [INFO] Slot 2025-12-15 14:00:00 full. 15/15
2025-12-15 02:02:13,386 [INFO] Slot 2025-12-15 15:00:00 full. 15/15
2025-12-15 02:02:13,386 [INFO] Slot 2025-12-15 16:00:00 full. 15/15
2025-12-15 02:02:13,399 [INFO] Checking slots for SC001 from 2025-12-15 00:00:00 to 2025-12-22 00:00:00. Ops: 8:0-20:0
2025-12-15 02:02:13,400 [INFO] Slot 2025-12-15 08:00:00 full. 15/15
2025-12-15 02:02:13,400 [INFO] Slot 2025-12-15 09:00:00 full. 15/15
2025-12-15 02:02:13,400 [INFO] Slot 2025-12-15 10:00:00 full. 15/15
2025-12-15 02:02:13,400 [INFO] Slot 2025-12-15 11:00:00 full. 15/15
2025-12-15 02:02:13,400 [INFO] Slot 2025-12-15 12:00:00 full. 15/15
2025-12-15 02:02:13,402 [INFO] Slot 2025-12-15 13:00:00 full. 15/15
2025-12-15 02:02:13,402 [INFO] Slot 2025-12-15 14:00:00 full. 15/15
2025-12-15 02:02:13,402 [INFO] Slot 2025-12-15 15:00:00 full. 15/15
2025-12-15 02:02:13,403 [INFO] Slot 2025-12-15 16:00:00 full. 15/15
2025-12-15 02:02:13,414 [INFO] Checking slots for SC001 from 2025-12-15 00:00:00 to 2025-12-22 00:00:00. Ops: 8:0-20:0
2025-12-15 02:02:13,414 [INFO] Slot 2025-12-15 08:00:00 full. 15/15
2025-12-15 02:02:13,414 [INFO] Slot 2025-12-15 09:00:00 full. 15/15
2025-12-15 02:02:13,415 [INFO] Slot 2025-12-15 10:00:00 full. 15/15
2025-12-15 02:02:13,415 [INFO] Slot 2025-12-15 11:00:00 full. 15/15
2025-12-15 02:02:13,415 [INFO] Slot 2025-12-15 12:00:00 full. 15/15
2025-12-15 02:02:13,415 [INFO] Slot 2025-12-15 13:00:00 full. 15/15
2025-12-15 02:02:13,416 [INFO] Slot 2025-12-15 14:00:00 full. 15/15
2025-12-15 02:02:13,416 [INFO] Slot 2025-12-15 15:00:00 full. 15/15
2025-12-15 02:02:13,416 [INFO] Slot 2025-12-15 16:00:00 full. 15/15
2025-12-15 02:02:13,426 [INFO] Checking slots for SC001 from 2025-12-15 00:00:00 to 2025-12-22 00:00:00. Ops: 8:0-20:0
2025-12-15 02:02:13,426 [INFO] Slot 2025-12-15 08:00:00 full. 15/15
2025-12-15 02:02:13,427 [INFO] Slot 2025-12-15 09:00:00 full. 15/15
2025-12-15 02:02:13,427 [INFO] Slot 2025-12-15 10:00:00 full. 15/15
2025-12-15 02:02:13,427 [INFO] Slot 2025-12-15 11:00:00 full. 15/15
2025-12-15 02:02:13,427 [INFO] Slot 2025-12-15 12:00:00 full. 15/15
2025-12-15 02:02:13,428 [INFO] Slot 2025-12-15 13:00:00 full. 15/15
2025-12-15 02:02:13,428 [INFO] Slot 2025-12-15 14:00:00 full. 15/15
2025-12-15 02:02:13,428 [INFO] Slot 2025-12-15 15:00:00 full. 15/15
2025-12-15 02:02:13,428 [INFO] Slot 2025-12-15 16:00:00 full. 15/15
2025-12-15 02:02:13,447 [INFO] Checking slots for SC001 from 2025-12-15 00:00:00 to 2025-12-22 00:00:00. Ops: 8:0-20:0
2025-12-15 02:02:13,447 [INFO] Slot 2025-12-15 08:00:00 full. 15/15
2025-12-15 02:02:13,448 [INFO] Slot 2025-12-15 09:00:00 full. 15/15
2025-12-15 02:02:13,448 [INFO] Slot 2025-12-15 10:00:00 full. 15/15
2025-12-15 02:02:13,448 [INFO] Slot 2025-12-15 11:00:00 full. 15/15
2025-12-15 02:02:13,448 [INFO] Slot 2025-12-15 12:00:00 full. 15/15
2025-12-15 02:02:13,449 [INFO] Slot 2025-12-15 13:00:00 full. 15/15
2025-12-15 02:02:13,449 [INFO] Slot 2025-12-15 14:00:00 full. 15/15
2025-12-15 02:02:13,449 [INFO] Slot 2025-12-15 15:00:00 full. 15/15
2025-12-15 02:02:13,449 [INFO] Slot 2025-12-15 16:00:00 full. 15/15
2025-12-15 02:02:13,470 [INFO] Checking slots for SC001 from 2025-12-15 00:00:00 to 2025-12-22 00:00:00. Ops: 8:0-20:0
2025-12-15 02:02:13,470 [INFO] Slot 2025-12-15 08:00:00 full. 15/15
2025-12-15 02:02:13,470 [INFO] Slot 2025-12-15 09:00:00 full. 15/15
2025-12-15 02:02:13,470 [INFO] Slot 2025-12-15 10:00:00 full. 15/15
2025-12-15 02:02:13,471 [INFO] Slot 2025-12-15 11:00:00 full. 15/15
2025-12-15 02:02:13,471 [INFO] Slot 2025-12-15 12:00:00 full. 15/15
2025-12-15 02:02:13,471 [INFO] Slot 2025-12-15 13:00:00 full. 15/15
2025-12-15 02:02:13,471 [INFO] Slot 2025-12-15 14:00:00 full. 15/15
2025-12-15 02:02:13,472 [INFO] Slot 2025-12-15 15:00:00 full. 15/15
2025-12-15 02:02:13,472 [INFO] Slot 2025-12-15 16:00:00 full. 15/15
2025-12-15 02:02:13,490 [INFO] Checking slots for SC001 from 2025-12-15 00:00:00 to 2025-12-22 00:00:00. Ops: 8:0-20:0
2025-12-15 02:02:13,490 [INFO] Slot 2025-12-15 08:00:00 full. 15/15
2025-12-15 02:02:13,491 [INFO] Slot 2025-12-15 09:00:00 full. 15/15
2025-12-15 02:02:13,491 [INFO] Slot 2025-12-15 10:00:00 full. 15/15
2025-12-15 02:02:13,491 [INFO] Slot 2025-12-15 11:00:00 full. 15/15
2025-12-15 02:02:13,491 [INFO] Slot 2025-12-15 12:00:00 full. 15/15
2025-12-15 02:02:13,491 [INFO] Slot 2025-12-15 13:00:00 full. 15/15
2025-12-15 02:02:13,491 [INFO] Slot 2025-12-15 14:00:00 full. 15/15
2025-12-15 02:02:13,493 [INFO] Slot 2025-12-15 15:00:00 full. 15/15
2025-12-15 02:02:13,493 [INFO] Slot 2025-12-15 16:00:00 full. 15/15
2025-12-15 02:02:13,507 [INFO] Checking slots for SC001 from 2025-12-15 00:00:00 to 2025-12-22 00:00:00. Ops: 8:0-20:0
2025-12-15 02:02:13,507 [INFO] Slot 2025-12-15 08:00:00 full. 15/15
2025-12-15 02:02:13,507 [INFO] Slot 2025-12-15 09:00:00 full. 15/15
2025-12-15 02:02:13,508 [INFO] Slot 2025-12-15 10:00:00 full. 15/15
2025-12-15 02:02:13,508 [INFO] Slot 2025-12-15 11:00:00 full. 15/15
2025-12-15 02:02:13,508 [INFO] Slot 2025-12-15 12:00:00 full. 15/15
2025-12-15 02:02:13,508 [INFO] Slot 2025-12-15 13:00:00 full. 15/15
2025-12-15 02:02:13,509 [INFO] Slot 2025-12-15 14:00:00 full. 15/15
2025-12-15 02:02:13,509 [INFO] Slot 2025-12-15 15:00:00 full. 15/15
2025-12-15 02:02:13,509 [INFO] Slot 2025-12-15 16:00:00 full. 15/15
2025-12-15 02:02:13,530 [INFO] Checking slots for SC001 from 2025-12-15 00:00:00 to 2025-12-22 00:00:00. Ops: 8:0-20:0
2025-12-15 02:02:13,530 [INFO] Slot 2025-12-15 08:00:00 full. 15/15
2025-12-15 02:02:13,531 [INFO] Slot 2025-12-15 09:00:00 full. 15/15
2025-12-15 02:02:13,531 [INFO] Slot 2025-12-15 10:00:00 full. 15/15
2025-12-15 02:02:13,531 [INFO] Slot 2025-12-15 11:00:00 full. 15/15
2025-12-15 02:02:13,531 [INFO] Slot 2025-12-15 12:00:00 full. 15/15
2025-12-15 02:02:13,532 [INFO] Slot 2025-12-15 13:00:00 full. 15/15
2025-12-15 02:02:13,532 [INFO] Slot 2025-12-15 14:00:00 full. 15/15
2025-12-15 02:02:13,532 [INFO] Slot 2025-12-15 15:00:00 full. 15/15
2025-12-15 02:02:13,533 [INFO] Slot 2025-12-15 16:00:00 full. 15/15
2025-12-15 02:02:13,548 [INFO] Checking slots for SC001 from 2025-12-15 00:00:00 to 2025-12-22 00:00:00. Ops: 8:0-20:0
2025-12-15 02:02:13,549 [INFO] Slot 2025-12-15 08:00:00 full. 15/15
2025-12-15 02:02:13,549 [INFO] Slot 2025-12-15 09:00:00 full. 15/15
2025-12-15 02:02:13,549 [INFO] Slot 2025-12-15 10:00:00 full. 15/15
2025-12-15 02:02:13,550 [INFO] Slot 2025-12-15 11:00:00 full. 15/15
2025-12-15 02:02:13,550 [INFO] Slot 2025-12-15 12:00:00 full. 15/15
2025-12-15 02:02:13,550 [INFO] Slot 2025-12-15 13:00:00 full. 15/15
2025-12-15 02:02:13,551 [INFO] Slot 2025-12-15 14:00:00 full. 15/15
2025-12-15 02:02:13,551 [INFO] Slot 2025-12-15 15:00:00 full. 15/15
2025-12-15 02:02:13,551 [INFO] Slot 2025-12-15 16:00:00 full. 15/15
2025-12-15 02:02:13,567 [INFO] Checking slots for SC001 from 2025-12-15 00:00:00 to 2025-12-22 00:00:00. Ops: 8:0-20:0
2025-12-15 02:02:13,568 [INFO] Slot 2025-12-15 08:00:00 full. 15/15
2025-12-15 02:02:13,569 [INFO] Slot 2025-12-15 09:00:00 full. 15/15
2025-12-15 02:02:13,569 [INFO] Slot 2025-12-15 10:00:00 full. 15/15
2025-12-15 02:02:13,569 [INFO] Slot 2025-12-15 11:00:00 full. 15/15
2025-12-15 02:02:13,570 [INFO] Slot 2025-12-15 12:00:00 full. 15/15
2025-12-15 02:02:13,570 [INFO] Slot 2025-12-15 13:00:00 full. 15/15
2025-12-15 02:02:13,570 [INFO] Slot 2025-12-15 14:00:00 full. 15/15
2025-12-15 02:02:13,570 [INFO] Slot 2025-12-15 15:00:00 full. 15/15
2025-12-15 02:02:13,571 [INFO] Slot 2025-12-15 16:00:00 full. 15/15
2025-12-15 02:02:13,591 [INFO] Checking slots for SC001 from 2025-12-15 00:00:00 to 2025-12-22 00:00:00. Ops: 8:0-20:0
2025-12-15 02:02:13,591 [INFO] Slot 2025-12-15 08:00:00 full. 15/15
2025-12-15 02:02:13,593 [INFO] Slot 2025-12-15 09:00:00 full. 15/15
2025-12-15 02:02:13,593 [INFO] Slot 2025-12-15 10:00:00 full. 15/15
2025-12-15 02:02:13,593 [INFO] Slot 2025-12-15 11:00:00 full. 15/15
2025-12-15 02:02:13,593 [INFO] Slot 2025-12-15 12:00:00 full. 15/15
2025-12-15 02:02:13,594 [INFO] Slot 2025-12-15 13:00:00 full. 15/15
2025-12-15 02:02:13,594 [INFO] Slot 2025-12-15 14:00:00 full. 15/15
2025-12-15 02:02:13,594 [INFO] Slot 2025-12-15 15:00:00 full. 15/15
2025-12-15 02:02:13,594 [INFO] Slot 2025-12-15 16:00:00 full. 15/15
2025-12-15 02:02:13,614 [INFO] Checking slots for SC001 from 2025-12-15 00:00:00 to 2025-12-22 00:00:00. Ops: 8:0-20:0
2025-12-15 02:02:13,615 [INFO] Slot 2025-12-15 08:00:00 full. 15/15
2025-12-15 02:02:13,615 [INFO] Slot 2025-12-15 09:00:00 full. 15/15
2025-12-15 02:02:13,615 [INFO] Slot 2025-12-15 10:00:00 full. 15/15
2025-12-15 02:02:13,615 [INFO] Slot 2025-12-15 11:00:00 full. 15/15
2025-12-15 02:02:13,616 [INFO] Slot 2025-12-15 12:00:00 full. 15/15
2025-12-15 02:02:13,616 [INFO] Slot 2025-12-15 13:00:00 full. 15/15
2025-12-15 02:02:13,616 [INFO] Slot 2025-12-15 14:00:00 full. 15/15
2025-12-15 02:02:13,616 [INFO] Slot 2025-12-15 15:00:00 full. 15/15
2025-12-15 02:02:13,617 [INFO] Slot 2025-12-15 16:00:00 full. 15/15
2025-12-15 02:02:13,639 [INFO] 127.0.0.1 - - [15/Dec/2025 02:02:13] "POST /api/schedule_batch HTTP/1.1" 200 -
2025-12-15 02:02:42,033 [INFO] 127.0.0.1 - - [15/Dec/2025 02:02:42] "GET /api/bookings HTTP/1.1" 200 -
2025-12-15 02:02:44,854 [INFO] 127.0.0.1 - - [15/Dec/2025 02:02:44] "GET /api/bookings HTTP/1.1" 200 -
2025-12-15 02:02:54,195 [INFO] 127.0.0.1 - - [15/Dec/2025 02:02:54] "GET /api/bookings HTTP/1.1" 200 -
2025-12-15 02:03:02,596 [INFO] Checking slots for SC001 from 2025-12-15 00:00:00 to 2025-12-22 00:00:00. Ops: 8:0-20:0
2025-12-15 02:03:02,596 [INFO] Slot 2025-12-15 08:00:00 full. 15/15
2025-12-15 02:03:02,597 [INFO] Slot 2025-12-15 09:00:00 full. 15/15
2025-12-15 02:03:02,597 [INFO] Slot 2025-12-15 10:00:00 full. 15/15
2025-12-15 02:03:02,597 [INFO] Slot 2025-12-15 11:00:00 full. 15/15
2025-12-15 02:03:02,598 [INFO] Slot 2025-12-15 12:00:00 full. 15/15
2025-12-15 02:03:02,598 [INFO] Slot 2025-12-15 13:00:00 full. 15/15
2025-12-15 02:03:02,598 [INFO] Slot 2025-12-15 14:00:00 full. 15/15
2025-12-15 02:03:02,598 [INFO] Slot 2025-12-15 15:00:00 full. 15/15
2025-12-15 02:03:02,599 [INFO] Slot 2025-12-15 16:00:00 full. 15/15
2025-12-15 02:03:02,615 [INFO] Checking slots for SC001 from 2025-12-15 00:00:00 to 2025-12-22 00:00:00. Ops: 8:0-20:0
2025-12-15 02:03:02,615 [INFO] Slot 2025-12-15 08:00:00 full. 15/15
2025-12-15 02:03:02,615 [INFO] Slot 2025-12-15 09:00:00 full. 15/15
2025-12-15 02:03:02,615 [INFO] Slot 2025-12-15 10:00:00 full. 15/15
2025-12-15 02:03:02,617 [INFO] Slot 2025-12-15 11:00:00 full. 15/15
2025-12-15 02:03:02,617 [INFO] Slot 2025-12-15 12:00:00 full. 15/15
2025-12-15 02:03:02,617 [INFO] Slot 2025-12-15 13:00:00 full. 15/15
2025-12-15 02:03:02,617 [INFO] Slot 2025-12-15 14:00:00 full. 15/15
2025-12-15 02:03:02,617 [INFO] Slot 2025-12-15 15:00:00 full. 15/15
2025-12-15 02:03:02,619 [INFO] Slot 2025-12-15 16:00:00 full. 15/15
2025-12-15 02:03:02,639 [INFO] 127.0.0.1 - - [15/Dec/2025 02:03:02] "POST /api/schedule_batch HTTP/1.1" 200 -
2025-12-15 02:03:03,531 [INFO] 127.0.0.1 - - [15/Dec/2025 02:03:03] "GET /api/bookings HTTP/1.1" 200 -
2025-12-15 02:03:04,197 [INFO] 127.0.0.1 - - [15/Dec/2025 02:03:04] "GET /api/bookings HTTP/1.1" 200 -
2025-12-15 02:03:13,062 [INFO] 127.0.0.1 - - [15/Dec/2025 02:03:13] "GET /api/bookings HTTP/1.1" 200 -
2025-12-15 02:03:13,321 [INFO] 127.0.0.1 - - [15/Dec/2025 02:03:13] "[33mGET /favicon.ico HTTP/1.1[0m" 404 -
2025-12-15 02:03:14,854 [INFO] 127.0.0.1 - - [15/Dec/2025 02:03:14] "GET /api/bookings HTTP/1.1" 200 -
2025-12-15 02:03:24,551 [INFO] 127.0.0.1 - - [15/Dec/2025 02:03:24] "GET /api/bookings HTTP/1.1" 200 -
2025-12-15 02:03:32,530 [INFO] 127.0.0.1 - - [15/Dec/2025 02:03:32] "GET /api/bookings HTTP/1.1" 200 -
2025-12-15 02:03:42,127 [INFO] 127.0.0.1 - - [15/Dec/2025 02:03:42] "GET /api/bookings HTTP/1.1" 200 -
2025-12-15 02:03:52,431 [INFO] 127.0.0.1 - - [15/Dec/2025 02:03:52] "GET /api/bookings HTTP/1.1" 200 -
2025-12-15 02:03:52,702 [INFO] 127.0.0.1 - - [15/Dec/2025 02:03:52] "GET /api/bookings HTTP/1.1" 200 -
2025-12-15 02:03:58,404 [INFO] 127.0.0.1 - - [15/Dec/2025 02:03:58] "GET /api/bookings HTTP/1.1" 200 -
2025-12-15 02:04:06,159 [INFO] 127.0.0.1 - - [15/Dec/2025 02:04:06] "OPTIONS /api/confirmBooking HTTP/1.1" 200 -
2025-12-15 02:04:06,543 [INFO] 127.0.0.1 - - [15/Dec/2025 02:04:06] "POST /api/confirmBooking HTTP/1.1" 200 -
2025-12-15 02:04:07,149 [INFO] 127.0.0.1 - - [15/Dec/2025 02:04:07] "GET /api/bookings HTTP/1.1" 200 -
2025-12-15 02:04:26,962 [INFO] 127.0.0.1 - - [15/Dec/2025 02:04:26] "OPTIONS /api/confirmBooking HTTP/1.1" 200 -
2025-12-15 02:04:27,238 [INFO] 127.0.0.1 - - [15/Dec/2025 02:04:27] "POST /api/confirmBooking HTTP/1.1" 200 -
2025-12-15 02:04:27,573 [INFO] 127.0.0.1 - - [15/Dec/2025 02:04:27] "GET /api/bookings HTTP/1.1" 200 -
2025-12-15 02:04:36,064 [INFO] 127.0.0.1 - - [15/Dec/2025 02:04:36] "OPTIONS /api/confirmBooking HTTP/1.1" 200 -
2025-12-15 02:04:36,340 [INFO] 127.0.0.1 - - [15/Dec/2025 02:04:36] "POST /api/confirmBooking HTTP/1.1" 200 -
2025-12-15 02:04:36,682 [INFO] 127.0.0.1 - - [15/Dec/2025 02:04:36] "GET /api/bookings HTTP/1.1" 200 -
2025-12-15 02:04:43,240 [INFO] 127.0.0.1 - - [15/Dec/2025 02:04:43] "OPTIONS /api/confirmBooking HTTP/1.1" 200 -
2025-12-15 02:04:43,514 [INFO] 127.0.0.1 - - [15/Dec/2025 02:04:43] "POST /api/confirmBooking HTTP/1.1" 200 -
2025-12-15 02:04:43,851 [INFO] 127.0.0.1 - - [15/Dec/2025 02:04:43] "GET /api/bookings HTTP/1.1" 200 -
2025-12-15 02:05:17,902 [INFO] 127.0.0.1 - - [15/Dec/2025 02:05:17] "GET /api/bookings HTTP/1.1" 200 -
2025-12-15 02:05:23,413 [INFO] 127.0.0.1 - - [15/Dec/2025 02:05:23] "GET /api/bookings HTTP/1.1" 200 -
2025-12-15 02:05:32,207 [INFO] Checking slots for SC001 from 2025-12-15 00:00:00 to 2025-12-22 00:00:00. Ops: 8:0-20:0
2025-12-15 02:05:32,207 [INFO] Slot 2025-12-15 08:00:00 full. 15/15
2025-12-15 02:05:32,207 [INFO] Slot 2025-12-15 09:00:00 full. 15/15
2025-12-15 02:05:32,208 [INFO] Slot 2025-12-15 10:00:00 full. 15/15
2025-12-15 02:05:32,208 [INFO] Slot 2025-12-15 11:00:00 full. 15/15
2025-12-15 02:05:32,208 [INFO] Slot 2025-12-15 12:00:00 full. 15/15
2025-12-15 02:05:32,209 [INFO] Slot 2025-12-15 13:00:00 full. 15/15
2025-12-15 02:05:32,209 [INFO] Slot 2025-12-15 14:00:00 full. 15/15
2025-12-15 02:05:32,209 [INFO] Slot 2025-12-15 15:00:00 full. 15/15
2025-12-15 02:05:32,210 [INFO] Slot 2025-12-15 16:00:00 full. 15/15
2025-12-15 02:05:32,210 [INFO] Slot 2025-12-15 17:00:00 full. 15/15
2025-12-15 02:05:32,225 [INFO] Checking slots for SC001 from 2025-12-15 00:00:00 to 2025-12-22 00:00:00. Ops: 8:0-20:0
2025-12-15 02:05:32,226 [INFO] Slot 2025-12-15 08:00:00 full. 15/15
2025-12-15 02:05:32,226 [INFO] Slot 2025-12-15 09:00:00 full. 15/15
2025-12-15 02:05:32,226 [INFO] Slot 2025-12-15 10:00:00 full. 15/15
2025-12-15 02:05:32,227 [INFO] Slot 2025-12-15 11:00:00 full. 15/15
2025-12-15 02:05:32,227 [INFO] Slot 2025-12-15 12:00:00 full. 15/15
2025-12-15 02:05:32,227 [INFO] Slot 2025-12-15 13:00:00 full. 15/15
2025-12-15 02:05:32,227 [INFO] Slot 2025-12-15 14:00:00 full. 15/15
2025-12-15 02:05:32,227 [INFO] Slot 2025-12-15 15:00:00 full. 15/15
2025-12-15 02:05:32,228 [INFO] Slot 2025-12-15 16:00:00 full. 15/15
2025-12-15 02:05:32,228 [INFO] Slot 2025-12-15 17:00:00 full. 15/15
2025-12-15 02:05:32,239 [INFO] Checking slots for SC001 from 2025-12-15 00:00:00 to 2025-12-22 00:00:00. Ops: 8:0-20:0
2025-12-15 02:05:32,239 [INFO] Slot 2025-12-15 08:00:00 full. 15/15
2025-12-15 02:05:32,239 [INFO] Slot 2025-12-15 09:00:00 full. 15/15
2025-12-15 02:05:32,239 [INFO] Slot 2025-12-15 10:00:00 full. 15/15
2025-12-15 02:05:32,240 [INFO] Slot 2025-12-15 11:00:00 full. 15/15
2025-12-15 02:05:32,240 [INFO] Slot 2025-12-15 12:00:00 full. 15/15
2025-12-15 02:05:32,240 [INFO] Slot 2025-12-15 13:00:00 full. 15/15
2025-12-15 02:05:32,240 [INFO] Slot 2025-12-15 14:00:00 full. 15/15
2025-12-15 02:05:32,241 [INFO] Slot 2025-12-15 15:00:00 full. 15/15
2025-12-15 02:05:32,241 [INFO] Slot 2025-12-15 16:00:00 full. 15/15
2025-12-15 02:05:32,241 [INFO] Slot 2025-12-15 17:00:00 full. 15/15
2025-12-15 02:05:32,257 [INFO] 127.0.0.1 - - [15/Dec/2025 02:05:32] "POST /api/schedule_batch HTTP/1.1" 200 -
2025-12-15 02:05:33,703 [INFO] 127.0.0.1 - - [15/Dec/2025 02:05:33] "GET /api/bookings HTTP/1.1" 200 -
2025-12-15 02:05:34,367 [INFO] 127.0.0.1 - - [15/Dec/2025 02:05:34] "GET /api/bookings HTTP/1.1" 200 -
2025-12-15 02:05:43,389 [INFO] 127.0.0.1 - - [15/Dec/2025 02:05:43] "GET /api/bookings HTTP/1.1" 200 -
2025-12-15 02:05:53,082 [INFO] 127.0.0.1 - - [15/Dec/2025 02:05:53] "GET /api/bookings HTTP/1.1" 200 -
2025-12-15 02:06:03,405 [INFO] 127.0.0.1 - - [15/Dec/2025 02:06:03] "GET /api/bookings HTTP/1.1" 200 -
2025-12-15 02:06:13,081 [INFO] 127.0.0.1 - - [15/Dec/2025 02:06:13] "GET /api/bookings HTTP/1.1" 200 -
2025-12-15 02:06:23,844 [INFO] 127.0.0.1 - - [15/Dec/2025 02:06:23] "GET /api/bookings HTTP/1.1" 200 -
2025-12-15 02:06:33,537 [INFO] 127.0.0.1 - - [15/Dec/2025 02:06:33] "GET /api/bookings HTTP/1.1" 200 -
2025-12-15 02:06:43,850 [INFO] 127.0.0.1 - - [15/Dec/2025 02:06:43] "GET /api/bookings HTTP/1.1" 200 -
2025-12-15 02:06:53,540 [INFO] 127.0.0.1 - - [15/Dec/2025 02:06:53] "GET /api/bookings HTTP/1.1" 200 -
2025-12-15 02:07:03,856 [INFO] 127.0.0.1 - - [15/Dec/2025 02:07:03] "GET /api/bookings HTTP/1.1" 200 -
2025-12-15 02:07:13,543 [INFO] 127.0.0.1 - - [15/Dec/2025 02:07:13] "GET /api/bookings HTTP/1.1" 200 -
2025-12-15 02:07:21,096 [INFO]  * Detected change in 'D:\\EYSOLUTION\\maintenance-predictor\\microservices\\scheduling\\app.py', reloading
2025-12-15 02:07:21,293 [INFO]  * Restarting with stat
2025-12-15 02:07:22,296 [WARNING]  * Debugger is active!
2025-12-15 02:07:22,301 [INFO]  * Debugger PIN: 298-487-376
2025-12-15 02:07:24,210 [INFO] 127.0.0.1 - - [15/Dec/2025 02:07:24] "GET /api/bookings HTTP/1.1" 200 -
2025-12-15 02:08:11,858 [INFO] 127.0.0.1 - - [15/Dec/2025 02:08:11] "GET /api/bookings HTTP/1.1" 200 -
2025-12-15 02:08:24,933 [INFO] [31m[1mWARNING: This is a development server. Do not use it in a production deployment. Use a production WSGI server instead.[0m
 * Running on all addresses (0.0.0.0)
 * Running on http://127.0.0.1:5003
 * Running on http://192.168.0.2:5003
2025-12-15 02:08:24,934 [INFO] [33mPress CTRL+C to quit[0m
2025-12-15 02:08:24,935 [INFO]  * Restarting with stat
2025-12-15 02:08:25,510 [WARNING]  * Debugger is active!
2025-12-15 02:08:25,514 [INFO]  * Debugger PIN: 298-487-376
2025-12-15 02:08:43,055 [INFO] 127.0.0.1 - - [15/Dec/2025 02:08:43] "GET /health HTTP/1.1" 200 -
2025-12-15 02:08:51,123 [INFO] 127.0.0.1 - - [15/Dec/2025 02:08:51] "GET /health HTTP/1.1" 200 -
2025-12-15 02:09:11,848 [INFO] 127.0.0.1 - - [15/Dec/2025 02:09:11] "GET /api/bookings HTTP/1.1" 200 -
2025-12-15 02:09:17,789 [INFO] Checking slots for SC005 from 2025-12-15 00:00:00 to 2025-12-22 00:00:00. Ops: 9:0-18:0
2025-12-15 02:09:17,798 [INFO] Checking slots for SC003 from 2025-12-15 00:00:00 to 2025-12-22 00:00:00. Ops: 8:0-21:0
2025-12-15 02:09:17,801 [INFO] Checking slots for SC001 from 2025-12-15 00:00:00 to 2025-12-22 00:00:00. Ops: 8:0-20:0
2025-12-15 02:09:17,803 [INFO] Checking slots for SC004 from 2025-12-15 00:00:00 to 2025-12-22 00:00:00. Ops: 8:30-18:30
2025-12-15 02:09:17,807 [INFO] Checking slots for SC004 from 2025-12-15 00:00:00 to 2025-12-22 00:00:00. Ops: 8:30-18:30
2025-12-15 02:09:17,809 [INFO] Checking slots for SC002 from 2025-12-15 00:00:00 to 2025-12-22 00:00:00. Ops: 9:0-19:0
2025-12-15 02:09:17,812 [INFO] Checking slots for SC005 from 2025-12-15 00:00:00 to 2025-12-22 00:00:00. Ops: 9:0-18:0
2025-12-15 02:09:17,814 [INFO] Checking slots for SC005 from 2025-12-15 00:00:00 to 2025-12-22 00:00:00. Ops: 9:0-18:0
2025-12-15 02:09:17,816 [INFO] Checking slots for SC001 from 2025-12-15 00:00:00 to 2025-12-22 00:00:00. Ops: 8:0-20:0
2025-12-15 02:09:17,819 [INFO] Checking slots for SC001 from 2025-12-15 00:00:00 to 2025-12-22 00:00:00. Ops: 8:0-20:0
2025-12-15 02:09:17,821 [INFO] Checking slots for SC003 from 2025-12-15 00:00:00 to 2025-12-22 00:00:00. Ops: 8:0-21:0
2025-12-15 02:09:17,825 [INFO] Checking slots for SC001 from 2025-12-15 00:00:00 to 2025-12-22 00:00:00. Ops: 8:0-20:0
2025-12-15 02:09:17,827 [INFO] Checking slots for SC001 from 2025-12-15 00:00:00 to 2025-12-22 00:00:00. Ops: 8:0-20:0
2025-12-15 02:09:17,830 [INFO] Checking slots for SC004 from 2025-12-15 00:00:00 to 2025-12-22 00:00:00. Ops: 8:30-18:30
2025-12-15 02:09:17,832 [INFO] Checking slots for SC005 from 2025-12-15 00:00:00 to 2025-12-22 00:00:00. Ops: 9:0-18:0
2025-12-15 02:09:17,834 [INFO] Checking slots for SC004 from 2025-12-15 00:00:00 to 2025-12-22 00:00:00. Ops: 8:30-18:30
2025-12-15 02:09:17,838 [INFO] Checking slots for SC002 from 2025-12-15 00:00:00 to 2025-12-22 00:00:00. Ops: 9:0-19:0
2025-12-15 02:09:17,840 [INFO] Checking slots for SC004 from 2025-12-15 00:00:00 to 2025-12-22 00:00:00. Ops: 8:30-18:30
2025-12-15 02:09:17,843 [INFO] Checking slots for SC004 from 2025-12-15 00:00:00 to 2025-12-22 00:00:00. Ops: 8:30-18:30
2025-12-15 02:09:17,847 [INFO] Checking slots for SC002 from 2025-12-15 00:00:00 to 2025-12-22 00:00:00. Ops: 9:0-19:0
2025-12-15 02:09:17,850 [INFO] Checking slots for SC003 from 2025-12-15 00:00:00 to 2025-12-22 00:00:00. Ops: 8:0-21:0
2025-12-15 02:09:17,853 [INFO] Checking slots for SC002 from 2025-12-15 00:00:00 to 2025-12-22 00:00:00. Ops: 9:0-19:0
2025-12-15 02:09:17,857 [INFO] Checking slots for SC005 from 2025-12-15 00:00:00 to 2025-12-22 00:00:00. Ops: 9:0-18:0
2025-12-15 02:09:17,860 [INFO] Checking slots for SC005 from 2025-12-15 00:00:00 to 2025-12-22 00:00:00. Ops: 9:0-18:0
2025-12-15 02:09:17,862 [INFO] Checking slots for SC005 from 2025-12-15 00:00:00 to 2025-12-22 00:00:00. Ops: 9:0-18:0
2025-12-15 02:09:17,865 [INFO] Checking slots for SC005 from 2025-12-15 00:00:00 to 2025-12-22 00:00:00. Ops: 9:0-18:0
2025-12-15 02:09:17,869 [INFO] Checking slots for SC004 from 2025-12-15 00:00:00 to 2025-12-22 00:00:00. Ops: 8:30-18:30
2025-12-15 02:09:17,872 [INFO] Checking slots for SC004 from 2025-12-15 00:00:00 to 2025-12-22 00:00:00. Ops: 8:30-18:30
2025-12-15 02:09:17,876 [INFO] Checking slots for SC004 from 2025-12-15 00:00:00 to 2025-12-22 00:00:00. Ops: 8:30-18:30
2025-12-15 02:09:17,879 [INFO] Checking slots for SC001 from 2025-12-15 00:00:00 to 2025-12-22 00:00:00. Ops: 8:0-20:0
2025-12-15 02:09:17,884 [INFO] Checking slots for SC003 from 2025-12-15 00:00:00 to 2025-12-22 00:00:00. Ops: 8:0-21:0
2025-12-15 02:09:17,888 [INFO] Checking slots for SC003 from 2025-12-15 00:00:00 to 2025-12-22 00:00:00. Ops: 8:0-21:0
2025-12-15 02:09:17,893 [INFO] Checking slots for SC003 from 2025-12-15 00:00:00 to 2025-12-22 00:00:00. Ops: 8:0-21:0
2025-12-15 02:09:17,899 [INFO] Checking slots for SC003 from 2025-12-15 00:00:00 to 2025-12-22 00:00:00. Ops: 8:0-21:0
2025-12-15 02:09:17,903 [INFO] Checking slots for SC002 from 2025-12-15 00:00:00 to 2025-12-22 00:00:00. Ops: 9:0-19:0
2025-12-15 02:09:17,908 [INFO] Checking slots for SC005 from 2025-12-15 00:00:00 to 2025-12-22 00:00:00. Ops: 9:0-18:0
2025-12-15 02:09:17,908 [INFO] Slot 2025-12-15 09:00:00 full. 8/8
2025-12-15 02:09:17,911 [INFO] Checking slots for SC002 from 2025-12-15 00:00:00 to 2025-12-22 00:00:00. Ops: 9:0-19:0
2025-12-15 02:09:17,914 [INFO] Checking slots for SC003 from 2025-12-15 00:00:00 to 2025-12-22 00:00:00. Ops: 8:0-21:0
2025-12-15 02:09:17,918 [INFO] Checking slots for SC002 from 2025-12-15 00:00:00 to 2025-12-22 00:00:00. Ops: 9:0-19:0
2025-12-15 02:09:17,920 [INFO] Checking slots for SC005 from 2025-12-15 00:00:00 to 2025-12-22 00:00:00. Ops: 9:0-18:0
2025-12-15 02:09:17,920 [INFO] Slot 2025-12-15 09:00:00 full. 8/8
2025-12-15 02:09:17,924 [INFO] Checking slots for SC003 from 2025-12-15 00:00:00 to 2025-12-22 00:00:00. Ops: 8:0-21:0
2025-12-15 02:09:17,927 [INFO] Checking slots for SC002 from 2025-12-15 00:00:00 to 2025-12-22 00:00:00. Ops: 9:0-19:0
2025-12-15 02:09:17,931 [INFO] Checking slots for SC005 from 2025-12-15 00:00:00 to 2025-12-22 00:00:00. Ops: 9:0-18:0
2025-12-15 02:09:17,931 [INFO] Slot 2025-12-15 09:00:00 full. 8/8
2025-12-15 02:09:17,934 [INFO] Checking slots for SC002 from 2025-12-15 00:00:00 to 2025-12-22 00:00:00. Ops: 9:0-19:0
2025-12-15 02:09:17,937 [INFO] Checking slots for SC001 from 2025-12-15 00:00:00 to 2025-12-22 00:00:00. Ops: 8:0-20:0
2025-12-15 02:09:17,939 [INFO] Checking slots for SC001 from 2025-12-15 00:00:00 to 2025-12-22 00:00:00. Ops: 8:0-20:0
2025-12-15 02:09:17,941 [INFO] Checking slots for SC003 from 2025-12-15 00:00:00 to 2025-12-22 00:00:00. Ops: 8:0-21:0
2025-12-15 02:09:17,945 [INFO] Checking slots for SC004 from 2025-12-15 00:00:00 to 2025-12-22 00:00:00. Ops: 8:30-18:30
2025-12-15 02:09:17,948 [INFO] Checking slots for SC001 from 2025-12-15 00:00:00 to 2025-12-22 00:00:00. Ops: 8:0-20:0
2025-12-15 02:09:17,951 [INFO] Checking slots for SC005 from 2025-12-15 00:00:00 to 2025-12-22 00:00:00. Ops: 9:0-18:0
2025-12-15 02:09:17,951 [INFO] Slot 2025-12-15 09:00:00 full. 8/8
2025-12-15 02:09:17,954 [INFO] Checking slots for SC003 from 2025-12-15 00:00:00 to 2025-12-22 00:00:00. Ops: 8:0-21:0
2025-12-15 02:09:17,957 [INFO] Checking slots for SC001 from 2025-12-15 00:00:00 to 2025-12-22 00:00:00. Ops: 8:0-20:0
2025-12-15 02:09:17,960 [INFO] Checking slots for SC004 from 2025-12-15 00:00:00 to 2025-12-22 00:00:00. Ops: 8:30-18:30
2025-12-15 02:09:17,961 [INFO] Slot 2025-12-15 09:00:00 full. 10/10
2025-12-15 02:09:17,969 [INFO] 127.0.0.1 - - [15/Dec/2025 02:09:17] "POST /api/schedule_batch HTTP/1.1" 200 -
2025-12-15 02:09:46,991 [INFO]  * Detected change in 'D:\\EYSOLUTION\\maintenance-predictor\\microservices\\scheduling\\app.py', reloading
2025-12-15 02:09:47,288 [INFO]  * Detected change in 'D:\\EYSOLUTION\\maintenance-predictor\\microservices\\scheduling\\app.py', reloading
2025-12-15 02:09:47,477 [INFO]  * Restarting with stat
2025-12-15 02:09:48,486 [WARNING]  * Debugger is active!
2025-12-15 02:09:48,499 [INFO]  * Debugger PIN: 298-487-376
2025-12-15 02:09:53,698 [INFO]  * Detected change in 'D:\\EYSOLUTION\\maintenance-predictor\\microservices\\scheduling\\app.py', reloading
2025-12-15 02:09:53,870 [INFO]  * Restarting with stat
2025-12-15 02:09:54,861 [WARNING]  * Debugger is active!
2025-12-15 02:09:54,871 [INFO]  * Debugger PIN: 298-487-376
2025-12-15 02:10:12,202 [INFO] 127.0.0.1 - - [15/Dec/2025 02:10:12] "GET /api/bookings HTTP/1.1" 200 -
2025-12-15 02:10:26,328 [INFO] [31m[1mWARNING: This is a development server. Do not use it in a production deployment. Use a production WSGI server instead.[0m
 * Running on all addresses (0.0.0.0)
 * Running on http://127.0.0.1:5003
 * Running on http://192.168.0.2:5003
2025-12-15 02:10:26,328 [INFO] [33mPress CTRL+C to quit[0m
2025-12-15 02:10:26,330 [INFO]  * Restarting with stat
2025-12-15 02:10:27,002 [WARNING]  * Debugger is active!
2025-12-15 02:10:27,010 [INFO]  * Debugger PIN: 298-487-376
2025-12-15 02:10:44,567 [INFO] 127.0.0.1 - - [15/Dec/2025 02:10:44] "GET /health HTTP/1.1" 200 -
2025-12-15 02:10:52,646 [INFO] 127.0.0.1 - - [15/Dec/2025 02:10:52] "GET /health HTTP/1.1" 200 -
2025-12-15 02:11:08,076 [INFO] 127.0.0.1 - - [15/Dec/2025 02:11:08] "GET /api/bookings HTTP/1.1" 200 -
2025-12-15 02:11:09,970 [INFO] 127.0.0.1 - - [15/Dec/2025 02:11:09] "GET /api/bookings HTTP/1.1" 200 -
2025-12-15 02:11:20,276 [INFO] 127.0.0.1 - - [15/Dec/2025 02:11:20] "GET /api/bookings HTTP/1.1" 200 -
2025-12-15 02:11:29,651 [INFO] 127.0.0.1 - - [15/Dec/2025 02:11:29] "GET /api/bookings HTTP/1.1" 200 -
2025-12-15 02:11:33,154 [INFO] Checking slots for SC005 from 2025-12-15 00:00:00 to 2025-12-22 00:00:00. Ops: 9:0-18:0
2025-12-15 02:11:33,154 [INFO] Slot 2025-12-15 09:00:00 full. 8/8
2025-12-15 02:11:33,166 [INFO] Checking slots for SC003 from 2025-12-15 00:00:00 to 2025-12-22 00:00:00. Ops: 8:0-21:0
2025-12-15 02:11:33,176 [INFO] 127.0.0.1 - - [15/Dec/2025 02:11:33] "POST /api/schedule_batch HTTP/1.1" 200 -
2025-12-15 02:11:35,597 [INFO] 127.0.0.1 - - [15/Dec/2025 02:11:35] "GET /api/bookings HTTP/1.1" 200 -
2025-12-15 02:11:39,977 [INFO] 127.0.0.1 - - [15/Dec/2025 02:11:39] "GET /api/bookings HTTP/1.1" 200 -
2025-12-15 02:11:50,267 [INFO] 127.0.0.1 - - [15/Dec/2025 02:11:50] "GET /api/bookings HTTP/1.1" 200 -
2025-12-15 02:11:59,654 [INFO] 127.0.0.1 - - [15/Dec/2025 02:11:59] "GET /api/bookings HTTP/1.1" 200 -
2025-12-15 02:12:09,954 [INFO] 127.0.0.1 - - [15/Dec/2025 02:12:09] "GET /api/bookings HTTP/1.1" 200 -
2025-12-15 02:12:19,664 [INFO] 127.0.0.1 - - [15/Dec/2025 02:12:19] "GET /api/bookings HTTP/1.1" 200 -
2025-12-15 02:12:24,905 [INFO] 127.0.0.1 - - [15/Dec/2025 02:12:24] "GET /api/bookings HTTP/1.1" 200 -
2025-12-15 02:12:29,657 [INFO] 127.0.0.1 - - [15/Dec/2025 02:12:29] "GET /api/bookings HTTP/1.1" 200 -
2025-12-15 02:12:30,862 [INFO] 127.0.0.1 - - [15/Dec/2025 02:12:30] "GET /api/bookings HTTP/1.1" 200 -
2025-12-15 02:12:46,133 [INFO] 127.0.0.1 - - [15/Dec/2025 02:12:46] "OPTIONS /api/confirmBooking HTTP/1.1" 200 -
2025-12-15 02:12:46,455 [INFO] 127.0.0.1 - - [15/Dec/2025 02:12:46] "POST /api/confirmBooking HTTP/1.1" 200 -
2025-12-15 02:12:47,047 [INFO] 127.0.0.1 - - [15/Dec/2025 02:12:47] "GET /api/bookings HTTP/1.1" 200 -
2025-12-15 02:13:01,211 [INFO] 127.0.0.1 - - [15/Dec/2025 02:13:01] "OPTIONS /api/confirmBooking HTTP/1.1" 200 -
2025-12-15 02:13:01,487 [INFO] 127.0.0.1 - - [15/Dec/2025 02:13:01] "POST /api/confirmBooking HTTP/1.1" 200 -
2025-12-15 02:13:01,823 [INFO] 127.0.0.1 - - [15/Dec/2025 02:13:01] "GET /api/bookings HTTP/1.1" 200 -
2025-12-15 02:13:10,473 [INFO] 127.0.0.1 - - [15/Dec/2025 02:13:10] "OPTIONS /api/confirmBooking HTTP/1.1" 200 -
2025-12-15 02:13:10,747 [INFO] 127.0.0.1 - - [15/Dec/2025 02:13:10] "POST /api/confirmBooking HTTP/1.1" 200 -
2025-12-15 02:13:11,082 [INFO] 127.0.0.1 - - [15/Dec/2025 02:13:11] "GET /api/bookings HTTP/1.1" 200 -
2025-12-15 02:13:18,570 [INFO] 127.0.0.1 - - [15/Dec/2025 02:13:18] "OPTIONS /api/confirmBooking HTTP/1.1" 200 -
2025-12-15 02:13:18,845 [INFO] 127.0.0.1 - - [15/Dec/2025 02:13:18] "POST /api/confirmBooking HTTP/1.1" 200 -
2025-12-15 02:13:19,180 [INFO] 127.0.0.1 - - [15/Dec/2025 02:13:19] "GET /api/bookings HTTP/1.1" 200 -
2025-12-15 02:13:22,339 [INFO] 127.0.0.1 - - [15/Dec/2025 02:13:22] "POST /api/confirmBooking HTTP/1.1" 200 -
2025-12-15 02:13:22,600 [INFO] 127.0.0.1 - - [15/Dec/2025 02:13:22] "GET /api/bookings HTTP/1.1" 200 -
2025-12-15 02:13:26,296 [INFO] 127.0.0.1 - - [15/Dec/2025 02:13:26] "OPTIONS /api/confirmBooking HTTP/1.1" 200 -
2025-12-15 02:13:26,617 [INFO] 127.0.0.1 - - [15/Dec/2025 02:13:26] "POST /api/confirmBooking HTTP/1.1" 200 -
2025-12-15 02:13:27,214 [INFO] 127.0.0.1 - - [15/Dec/2025 02:13:27] "GET /api/bookings HTTP/1.1" 200 -
2025-12-15 02:13:30,199 [INFO] 127.0.0.1 - - [15/Dec/2025 02:13:30] "POST /api/confirmBooking HTTP/1.1" 200 -
2025-12-15 02:13:30,458 [INFO] 127.0.0.1 - - [15/Dec/2025 02:13:30] "GET /api/bookings HTTP/1.1" 200 -
2025-12-15 02:13:35,978 [INFO] 127.0.0.1 - - [15/Dec/2025 02:13:35] "OPTIONS /api/confirmBooking HTTP/1.1" 200 -
2025-12-15 02:13:36,294 [INFO] 127.0.0.1 - - [15/Dec/2025 02:13:36] "POST /api/confirmBooking HTTP/1.1" 200 -
2025-12-15 02:13:36,883 [INFO] 127.0.0.1 - - [15/Dec/2025 02:13:36] "GET /api/bookings HTTP/1.1" 200 -
2025-12-15 02:13:56,676 [INFO] 127.0.0.1 - - [15/Dec/2025 02:13:56] "GET /api/bookings HTTP/1.1" 200 -
2025-12-15 02:13:59,584 [INFO] 127.0.0.1 - - [15/Dec/2025 02:13:59] "GET /api/bookings HTTP/1.1" 200 -
2025-12-15 02:14:09,893 [INFO] 127.0.0.1 - - [15/Dec/2025 02:14:09] "GET /api/bookings HTTP/1.1" 200 -
2025-12-15 02:14:19,282 [INFO] 127.0.0.1 - - [15/Dec/2025 02:14:19] "GET /api/bookings HTTP/1.1" 200 -
2025-12-15 02:14:28,059 [INFO] Checking slots for SC001 from 2025-12-15 00:00:00 to 2025-12-22 00:00:00. Ops: 8:0-20:0
2025-12-15 02:14:28,069 [INFO] Checking slots for SC004 from 2025-12-15 00:00:00 to 2025-12-22 00:00:00. Ops: 8:30-18:30
2025-12-15 02:14:28,069 [INFO] Slot 2025-12-15 09:00:00 full. 10/10
2025-12-15 02:14:28,079 [INFO] 127.0.0.1 - - [15/Dec/2025 02:14:28] "POST /api/schedule_batch HTTP/1.1" 200 -
2025-12-15 02:14:29,576 [INFO] 127.0.0.1 - - [15/Dec/2025 02:14:29] "GET /api/bookings HTTP/1.1" 200 -
2025-12-15 02:14:30,471 [INFO] 127.0.0.1 - - [15/Dec/2025 02:14:30] "GET /api/bookings HTTP/1.1" 200 -
2025-12-15 02:14:39,894 [INFO] 127.0.0.1 - - [15/Dec/2025 02:14:39] "GET /api/bookings HTTP/1.1" 200 -
2025-12-15 02:14:49,579 [INFO] 127.0.0.1 - - [15/Dec/2025 02:14:49] "GET /api/bookings HTTP/1.1" 200 -
2025-12-15 02:14:59,885 [INFO] 127.0.0.1 - - [15/Dec/2025 02:14:59] "GET /api/bookings HTTP/1.1" 200 -
2025-12-15 02:15:09,589 [INFO] 127.0.0.1 - - [15/Dec/2025 02:15:09] "GET /api/bookings HTTP/1.1" 200 -
2025-12-15 02:15:19,902 [INFO] 127.0.0.1 - - [15/Dec/2025 02:15:19] "GET /api/bookings HTTP/1.1" 200 -
2025-12-15 02:15:29,578 [INFO] 127.0.0.1 - - [15/Dec/2025 02:15:29] "GET /api/bookings HTTP/1.1" 200 -
2025-12-15 02:15:39,882 [INFO] 127.0.0.1 - - [15/Dec/2025 02:15:39] "GET /api/bookings HTTP/1.1" 200 -
2025-12-15 02:15:49,580 [INFO] 127.0.0.1 - - [15/Dec/2025 02:15:49] "GET /api/bookings HTTP/1.1" 200 -
2025-12-15 02:15:59,897 [INFO] 127.0.0.1 - - [15/Dec/2025 02:15:59] "GET /api/bookings HTTP/1.1" 200 -
2025-12-15 02:16:09,587 [INFO] 127.0.0.1 - - [15/Dec/2025 02:16:09] "GET /api/bookings HTTP/1.1" 200 -
2025-12-15 02:16:19,902 [INFO] 127.0.0.1 - - [15/Dec/2025 02:16:19] "GET /api/bookings HTTP/1.1" 200 -
2025-12-15 02:16:29,592 [INFO] 127.0.0.1 - - [15/Dec/2025 02:16:29] "GET /api/bookings HTTP/1.1" 200 -
2025-12-15 02:16:39,898 [INFO] 127.0.0.1 - - [15/Dec/2025 02:16:39] "GET /api/bookings HTTP/1.1" 200 -
2025-12-15 02:16:49,591 [INFO] 127.0.0.1 - - [15/Dec/2025 02:16:49] "GET /api/bookings HTTP/1.1" 200 -
2025-12-15 02:16:59,899 [INFO] 127.0.0.1 - - [15/Dec/2025 02:16:59] "GET /api/bookings HTTP/1.1" 200 -
2025-12-15 02:17:09,580 [INFO] 127.0.0.1 - - [15/Dec/2025 02:17:09] "GET /api/bookings HTTP/1.1" 200 -
2025-12-15 02:17:19,889 [INFO] 127.0.0.1 - - [15/Dec/2025 02:17:19] "GET /api/bookings HTTP/1.1" 200 -
2025-12-15 02:17:29,591 [INFO] 127.0.0.1 - - [15/Dec/2025 02:17:29] "GET /api/bookings HTTP/1.1" 200 -
2025-12-15 02:17:39,896 [INFO] 127.0.0.1 - - [15/Dec/2025 02:17:39] "GET /api/bookings HTTP/1.1" 200 -
2025-12-15 02:17:49,593 [INFO] 127.0.0.1 - - [15/Dec/2025 02:17:49] "GET /api/bookings HTTP/1.1" 200 -
2025-12-15 02:17:59,891 [INFO] 127.0.0.1 - - [15/Dec/2025 02:17:59] "GET /api/bookings HTTP/1.1" 200 -
2025-12-15 02:18:09,593 [INFO] 127.0.0.1 - - [15/Dec/2025 02:18:09] "GET /api/bookings HTTP/1.1" 200 -
2025-12-15 02:18:18,958 [INFO] 127.0.0.1 - - [15/Dec/2025 02:18:18] "GET /api/bookings HTTP/1.1" 200 -
2025-12-15 02:18:37,361 [INFO] 127.0.0.1 - - [15/Dec/2025 02:18:37] "GET /api/bookings HTTP/1.1" 200 -
2025-12-15 02:18:38,569 [INFO] 127.0.0.1 - - [15/Dec/2025 02:18:38] "GET /api/bookings HTTP/1.1" 200 -
2025-12-15 02:20:46,446 [INFO] 127.0.0.1 - - [15/Dec/2025 02:20:46] "GET /api/bookings HTTP/1.1" 200 -
2025-12-15 02:20:49,055 [INFO] 127.0.0.1 - - [15/Dec/2025 02:20:49] "GET /api/bookings HTTP/1.1" 200 -
2025-12-15 02:20:52,145 [INFO] 127.0.0.1 - - [15/Dec/2025 02:20:52] "GET /api/bookings HTTP/1.1" 200 -
2025-12-15 02:20:58,336 [INFO] 127.0.0.1 - - [15/Dec/2025 02:20:58] "GET /api/bookings HTTP/1.1" 200 -
2025-12-15 02:20:58,933 [INFO] 127.0.0.1 - - [15/Dec/2025 02:20:58] "GET /api/bookings HTTP/1.1" 200 -
2025-12-15 02:20:59,567 [INFO] 127.0.0.1 - - [15/Dec/2025 02:20:59] "GET /api/bookings HTTP/1.1" 200 -
2025-12-15 02:21:00,099 [INFO] 127.0.0.1 - - [15/Dec/2025 02:21:00] "GET /api/bookings HTTP/1.1" 200 -
2025-12-15 02:21:01,427 [INFO] 127.0.0.1 - - [15/Dec/2025 02:21:01] "GET /api/bookings HTTP/1.1" 200 -
2025-12-15 02:21:03,244 [INFO] 127.0.0.1 - - [15/Dec/2025 02:21:03] "GET /api/bookings HTTP/1.1" 200 -
2025-12-15 02:21:04,095 [INFO] 127.0.0.1 - - [15/Dec/2025 02:21:04] "GET /api/bookings HTTP/1.1" 200 -
2025-12-15 02:22:39,124 [INFO] 127.0.0.1 - - [15/Dec/2025 02:22:39] "GET /api/bookings HTTP/1.1" 200 -
2025-12-15 02:22:43,248 [INFO] 127.0.0.1 - - [15/Dec/2025 02:22:43] "GET /api/bookings HTTP/1.1" 200 -
2025-12-15 02:22:45,311 [INFO] 127.0.0.1 - - [15/Dec/2025 02:22:45] "GET /api/bookings HTTP/1.1" 200 -
2025-12-15 02:22:48,470 [INFO] 127.0.0.1 - - [15/Dec/2025 02:22:48] "GET /api/bookings HTTP/1.1" 200 -
2025-12-15 02:22:49,671 [INFO] 127.0.0.1 - - [15/Dec/2025 02:22:49] "GET /api/bookings HTTP/1.1" 200 -
2025-12-15 02:22:50,681 [INFO] 127.0.0.1 - - [15/Dec/2025 02:22:50] "GET /api/bookings HTTP/1.1" 200 -
2025-12-15 02:22:54,340 [INFO] 127.0.0.1 - - [15/Dec/2025 02:22:54] "GET /api/bookings HTTP/1.1" 200 -
2025-12-15 02:23:48,863 [INFO] 127.0.0.1 - - [15/Dec/2025 02:23:48] "GET /api/bookings HTTP/1.1" 200 -
2025-12-15 02:23:50,081 [INFO] 127.0.0.1 - - [15/Dec/2025 02:23:50] "GET /api/bookings HTTP/1.1" 200 -
2025-12-15 02:23:51,856 [INFO] 127.0.0.1 - - [15/Dec/2025 02:23:51] "GET /api/bookings HTTP/1.1" 200 -
2025-12-15 02:23:55,913 [INFO] 127.0.0.1 - - [15/Dec/2025 02:23:55] "GET /api/bookings HTTP/1.1" 200 -
2025-12-15 02:24:49,923 [INFO] 127.0.0.1 - - [15/Dec/2025 02:24:49] "GET /api/bookings HTTP/1.1" 200 -
2025-12-15 02:24:51,353 [INFO] 127.0.0.1 - - [15/Dec/2025 02:24:51] "GET /api/bookings HTTP/1.1" 200 -
2025-12-15 02:24:54,620 [INFO] 127.0.0.1 - - [15/Dec/2025 02:24:54] "GET /api/bookings HTTP/1.1" 200 -
2025-12-15 02:25:05,209 [INFO] 127.0.0.1 - - [15/Dec/2025 02:25:05] "GET /api/bookings HTTP/1.1" 200 -
2025-12-15 02:25:12,632 [INFO] Checking slots for SC004 from 2025-12-15 00:00:00 to 2025-12-22 00:00:00. Ops: 8:30-18:30
2025-12-15 02:25:12,632 [INFO] Slot 2025-12-15 09:00:00 full. 10/10
2025-12-15 02:25:12,638 [INFO] Checking slots for SC004 from 2025-12-15 00:00:00 to 2025-12-22 00:00:00. Ops: 8:30-18:30
2025-12-15 02:25:12,638 [INFO] Slot 2025-12-15 09:00:00 full. 10/10
2025-12-15 02:25:12,643 [INFO] Checking slots for SC003 from 2025-12-15 00:00:00 to 2025-12-22 00:00:00. Ops: 8:0-21:0
2025-12-15 02:25:12,649 [INFO] 127.0.0.1 - - [15/Dec/2025 02:25:12] "POST /api/schedule_batch HTTP/1.1" 200 -
2025-12-15 02:25:14,581 [INFO] 127.0.0.1 - - [15/Dec/2025 02:25:14] "GET /api/bookings HTTP/1.1" 200 -
2025-12-15 02:25:15,510 [INFO] 127.0.0.1 - - [15/Dec/2025 02:25:15] "GET /api/bookings HTTP/1.1" 200 -
2025-12-15 02:25:24,586 [INFO] 127.0.0.1 - - [15/Dec/2025 02:25:24] "GET /api/bookings HTTP/1.1" 200 -
2025-12-15 02:25:34,886 [INFO] 127.0.0.1 - - [15/Dec/2025 02:25:34] "GET /api/bookings HTTP/1.1" 200 -
2025-12-15 02:25:44,578 [INFO] 127.0.0.1 - - [15/Dec/2025 02:25:44] "GET /api/bookings HTTP/1.1" 200 -
2025-12-15 02:25:52,281 [INFO] 127.0.0.1 - - [15/Dec/2025 02:25:52] "GET /api/bookings HTTP/1.1" 200 -
2025-12-15 02:25:57,989 [INFO] 127.0.0.1 - - [15/Dec/2025 02:25:57] "GET /api/bookings HTTP/1.1" 200 -
2025-12-15 02:26:08,849 [INFO] 127.0.0.1 - - [15/Dec/2025 02:26:08] "GET /api/bookings HTTP/1.1" 200 -
2025-12-15 02:26:18,539 [INFO] 127.0.0.1 - - [15/Dec/2025 02:26:18] "GET /api/bookings HTTP/1.1" 200 -
2025-12-15 02:26:28,849 [INFO] 127.0.0.1 - - [15/Dec/2025 02:26:28] "GET /api/bookings HTTP/1.1" 200 -
2025-12-15 02:26:38,540 [INFO] 127.0.0.1 - - [15/Dec/2025 02:26:38] "GET /api/bookings HTTP/1.1" 200 -
2025-12-15 02:26:48,854 [INFO] 127.0.0.1 - - [15/Dec/2025 02:26:48] "GET /api/bookings HTTP/1.1" 200 -
2025-12-15 02:26:58,554 [INFO] 127.0.0.1 - - [15/Dec/2025 02:26:58] "GET /api/bookings HTTP/1.1" 200 -
2025-12-15 02:27:11,866 [INFO] 127.0.0.1 - - [15/Dec/2025 02:27:11] "GET /api/bookings HTTP/1.1" 200 -
2025-12-15 02:28:12,429 [INFO] 127.0.0.1 - - [15/Dec/2025 02:28:12] "GET /api/bookings HTTP/1.1" 200 -
2025-12-15 02:29:11,844 [INFO] 127.0.0.1 - - [15/Dec/2025 02:29:11] "GET /api/bookings HTTP/1.1" 200 -
2025-12-15 02:30:12,418 [INFO] 127.0.0.1 - - [15/Dec/2025 02:30:12] "GET /api/bookings HTTP/1.1" 200 -
2025-12-15 02:31:11,844 [INFO] 127.0.0.1 - - [15/Dec/2025 02:31:11] "GET /api/bookings HTTP/1.1" 200 -
